2023-10-04 07:54:17,633 [INFO] Activator:176 - 


2023-10-04 07:54:17,639 [INFO] Activator:177 - !SESSION log4j initialized
2023-10-04 07:54:22,576 [ERROR] LogOutputStream:75 - [STDERR_REDIRECT] 
2023-10-04 07:54:23,149 [INFO] LogOutputStream:77 - [STDOUT_REDIRECT] 
2023-10-04 07:54:24,938 [INFO] LogOutputStream:77 - [STDOUT_REDIRECT] 
2023-10-04 07:54:25,681 [INFO] ApplicationProperties:184 - Using Application install path: /Applications/STM32CubeIDE.app/Contents/Eclipse/plugins/com.st.stm32cube.common.mx_6.9.2.202309101412
2023-10-04 07:54:26,127 [INFO] DbMcusXml:78 - Set database path to: /Applications/STM32CubeIDE.app/Contents/Eclipse/plugins/com.st.stm32cube.common.mx_6.9.2.202309101412//db//mcu/
2023-10-04 07:54:26,128 [INFO] ApiDb:274 - Set plugin database path to: /Applications/STM32CubeIDE.app/Contents/Eclipse/plugins/com.st.stm32cube.common.mx_6.9.2.202309101412//db//plugins/boardmanager/
2023-10-04 07:54:26,129 [WARN] ApiDb:259 - Overriding images path with different value:  => /Applications/STM32CubeIDE.app/Contents/Eclipse/plugins/com.st.stm32cube.common.mx_6.9.2.202309101412//db//plugins/mcufinder/images/
2023-10-04 07:54:26,160 [INFO] ApiDb:250 - Set database path to: /Users/jackkrammer/.stmcufinder/plugins/mcufinder//mcu/
2023-10-04 07:54:26,162 [INFO] DbMcusAds:125 - Set database path to: /Users/jackkrammer/.stmcufinder/plugins/mcufinder//mcu/
2023-10-04 07:54:26,165 [INFO] CrossReferenceDbSqlite:203 - Set database path to: /Users/jackkrammer/.stmcufinder/plugins/mcufinder//mcu/cs/
2023-10-04 07:54:26,382 [INFO] RulesReader:64 - Compatibility file has been processed (293 Rules)
2023-10-04 07:54:26,487 [INFO] DbMcusXml:78 - Set database path to: /Applications/STM32CubeIDE.app/Contents/Eclipse/plugins/com.st.stm32cube.common.mx_6.9.2.202309101412//db//mcu/
2023-10-04 07:54:26,488 [INFO] ApiDb:274 - Set plugin database path to: /Applications/STM32CubeIDE.app/Contents/Eclipse/plugins/com.st.stm32cube.common.mx_6.9.2.202309101412//db//plugins/boardmanager/
2023-10-04 07:54:26,488 [INFO] ApiDb:261 - Set plugin images path to: /Applications/STM32CubeIDE.app/Contents/Eclipse/plugins/com.st.stm32cube.common.mx_6.9.2.202309101412//db//plugins/mcufinder/images/
2023-10-04 07:54:26,488 [WARN] DbFile:41 - Overriding database path with different value: /Users/jackkrammer/.stmcufinder/plugins/mcufinder/ => /Users/jackkrammer/.stmcufinder/plugins/mcufinder
2023-10-04 07:54:26,488 [INFO] ApiDb:250 - Set database path to: /Users/jackkrammer/.stmcufinder/plugins/mcufinder//mcu/
2023-10-04 07:54:26,488 [WARN] DbFile:41 - Overriding database path with different value: /Users/jackkrammer/.stmcufinder/plugins/mcufinder/ => /Users/jackkrammer/.stmcufinder/plugins/mcufinder
2023-10-04 07:54:26,488 [INFO] DbMcusAds:125 - Set database path to: /Users/jackkrammer/.stmcufinder/plugins/mcufinder//mcu/
2023-10-04 07:54:26,489 [WARN] DbFile:41 - Overriding database path with different value: /Users/jackkrammer/.stmcufinder/plugins/mcufinder/ => /Users/jackkrammer/.stmcufinder/plugins/mcufinder
2023-10-04 07:54:26,489 [WARN] DbFile:41 - Overriding database path with different value: /Users/jackkrammer/.stmcufinder/plugins/mcufinder/ => /Users/jackkrammer/.stmcufinder/plugins/mcufinder
2023-10-04 07:54:26,489 [INFO] CrossReferenceDbSqlite:203 - Set database path to: /Users/jackkrammer/.stmcufinder/plugins/mcufinder//mcu/cs/
2023-10-04 07:54:26,607 [INFO] MainPanel:262 - HeapMemory: 268435456
2023-10-04 07:54:26,801 [INFO] DbMcusXml:78 - Set database path to: /Applications/STM32CubeIDE.app/Contents/Eclipse/plugins/com.st.stm32cube.common.mx_6.9.2.202309101412//db//mcu/
2023-10-04 07:54:26,802 [INFO] ApiDb:274 - Set plugin database path to: /Applications/STM32CubeIDE.app/Contents/Eclipse/plugins/com.st.stm32cube.common.mx_6.9.2.202309101412//db//plugins/boardmanager/
2023-10-04 07:54:26,802 [INFO] ApiDb:261 - Set plugin images path to: /Applications/STM32CubeIDE.app/Contents/Eclipse/plugins/com.st.stm32cube.common.mx_6.9.2.202309101412//db//plugins/mcufinder/images/
2023-10-04 07:54:26,803 [WARN] DbFile:41 - Overriding database path with different value: /Users/jackkrammer/.stmcufinder/plugins/mcufinder/ => /Users/jackkrammer/.stmcufinder/plugins/mcufinder
2023-10-04 07:54:26,803 [INFO] ApiDb:250 - Set database path to: /Users/jackkrammer/.stmcufinder/plugins/mcufinder//mcu/
2023-10-04 07:54:26,803 [WARN] DbFile:41 - Overriding database path with different value: /Users/jackkrammer/.stmcufinder/plugins/mcufinder/ => /Users/jackkrammer/.stmcufinder/plugins/mcufinder
2023-10-04 07:54:26,803 [INFO] DbMcusAds:125 - Set database path to: /Users/jackkrammer/.stmcufinder/plugins/mcufinder//mcu/
2023-10-04 07:54:26,803 [WARN] DbFile:41 - Overriding database path with different value: /Users/jackkrammer/.stmcufinder/plugins/mcufinder/ => /Users/jackkrammer/.stmcufinder/plugins/mcufinder
2023-10-04 07:54:26,803 [WARN] DbFile:41 - Overriding database path with different value: /Users/jackkrammer/.stmcufinder/plugins/mcufinder/ => /Users/jackkrammer/.stmcufinder/plugins/mcufinder
2023-10-04 07:54:26,803 [INFO] CrossReferenceDbSqlite:203 - Set database path to: /Users/jackkrammer/.stmcufinder/plugins/mcufinder//mcu/cs/
2023-10-04 07:54:26,837 [INFO] ApplicationProperties:184 - Using Application install path: /Applications/STM32CubeIDE.app/Contents/Eclipse/plugins/com.st.stm32cube.common.mx_6.9.2.202309101412
2023-10-04 07:54:26,838 [INFO] PluginManage:196 - Search for loadable plugins [exclusion list=, ]
2023-10-04 07:54:26,840 [INFO] PluginManage:310 - Check plugin analytics
2023-10-04 07:54:27,042 [INFO] AnalyticsPlugin:253 - Accepted Software Licenses: 
2023-10-04 07:54:27,043 [INFO] AnalyticsPlugin:255 - Accepted CMSIS Pack Licenses: 
2023-10-04 07:54:27,043 [INFO] AnalyticsPlugin:257 - Accepted Firmware Licenses: FW.L4.1.18.0
2023-10-04 07:54:27,047 [INFO] PluginManage:359 - Loaded plugin analytics (category:tool,tabindex:-1)
2023-10-04 07:54:27,047 [INFO] PluginManage:310 - Check plugin cadmodel
2023-10-04 07:54:27,832 [INFO] CADModel:105 - Init CAD model plugin
2023-10-04 07:54:27,832 [INFO] PluginManage:359 - Loaded plugin cadmodel (category:power,tabindex:5)
2023-10-04 07:54:27,833 [INFO] PluginManage:310 - Check plugin clock
2023-10-04 07:54:27,859 [INFO] PluginManage:359 - Loaded plugin clock (category:base,tabindex:2)
2023-10-04 07:54:27,860 [INFO] PluginManage:310 - Check plugin ddr
2023-10-04 07:54:27,863 [INFO] PluginManage:359 - Loaded plugin ddr (category:tool,tabindex:6)
2023-10-04 07:54:27,863 [INFO] PluginManage:310 - Check plugin filemanager
2023-10-04 07:54:28,070 [INFO] PluginManage:359 - Loaded plugin filemanager (category:base,tabindex:10)
2023-10-04 07:54:28,070 [INFO] PluginManage:310 - Check plugin ipmanager
2023-10-04 07:54:28,077 [INFO] PluginManage:359 - Loaded plugin ipmanager (category:base,tabindex:5)
2023-10-04 07:54:28,077 [INFO] PluginManage:310 - Check plugin lpbam
2023-10-04 07:54:28,089 [INFO] PluginManage:359 - Loaded plugin lpbam (category:base,tabindex:0)
2023-10-04 07:54:28,089 [INFO] PluginManage:310 - Check plugin memorymap
2023-10-04 07:54:28,109 [INFO] PluginManage:359 - Loaded plugin memorymap (category:base,tabindex:4)
2023-10-04 07:54:28,109 [INFO] PluginManage:310 - Check plugin pinoutandconfiguration
2023-10-04 07:54:28,118 [INFO] PluginManage:359 - Loaded plugin pinoutandconfiguration (category:base,tabindex:1)
2023-10-04 07:54:28,118 [INFO] PluginManage:310 - Check plugin pinoutconfig
2023-10-04 07:54:28,238 [WARN] SupportedApi:132 - Cannot load RTOS API schema: s4s-elt-must-match.1: The content of 'definitions' must match (annotation?, (simpleType | complexType)?, (unique | key | keyref)*)). A problem was found starting at: attribute.
2023-10-04 07:54:28,412 [INFO] PluginManage:359 - Loaded plugin pinoutconfig (category:base,tabindex:0)
2023-10-04 07:54:28,412 [INFO] PluginManage:310 - Check plugin power
2023-10-04 07:54:28,429 [INFO] PluginManage:359 - Loaded plugin power (category:power,tabindex:4)
2023-10-04 07:54:28,429 [INFO] PluginManage:310 - Check plugin projectmanager
2023-10-04 07:54:28,444 [INFO] PluginManage:359 - Loaded plugin projectmanager (category:projectmanager,tabindex:3)
2023-10-04 07:54:28,444 [INFO] PluginManage:310 - Check plugin thirdparty
2023-10-04 07:54:28,573 [INFO] PluginManage:359 - Loaded plugin thirdparty (category:base,tabindex:-1)
2023-10-04 07:54:28,573 [WARN] IntegrityCheckThread:84 - waiting for thirdparty lock release [integrity check]
2023-10-04 07:54:28,573 [INFO] IntegrityCheckThread:86 - entering critical section [integrity check]
2023-10-04 07:54:28,573 [INFO] PluginManage:310 - Check plugin tools
2023-10-04 07:54:28,573 [INFO] ThirdPartyUpdaterWithRetryManager:70 - Updater plugin not ready yet. [1/15]
2023-10-04 07:54:28,576 [INFO] PluginManage:359 - Loaded plugin tools (category:base,tabindex:7)
2023-10-04 07:54:28,576 [INFO] PluginManage:310 - Check plugin tutovideos
2023-10-04 07:54:28,797 [INFO] PluginManage:359 - Loaded plugin tutovideos (category:base,tabindex:-1)
2023-10-04 07:54:28,798 [INFO] PluginManage:310 - Check plugin updater
2023-10-04 07:54:28,811 [INFO] PluginManage:359 - Loaded plugin updater (category:base,tabindex:12)
2023-10-04 07:54:28,811 [INFO] PluginManage:310 - Check plugin userauth
2023-10-04 07:54:28,817 [INFO] UserAuth:113 - Init User Auth plugin
2023-10-04 07:54:28,817 [INFO] PluginManage:359 - Loaded plugin userauth (category:base,tabindex:14)
2023-10-04 07:54:28,817 [INFO] PluginManage:283 - PluginManage : Loaded plugins [17]
2023-10-04 07:54:29,094 [INFO] PinOutPanel:1499 - setPackage(No Configuration,No Configuration)
2023-10-04 07:54:29,209 [INFO] CADModel:165 - CPN selected for project level
2023-10-04 07:54:29,209 [INFO] CADModel:114 - Register for checkConnection events
2023-10-04 07:54:29,221 [INFO] IPUIPlugin:80 - create IPUIPlugin
2023-10-04 07:54:29,222 [INFO] PluginManager:220 - loadIPPluginJar : add mdma
2023-10-04 07:54:29,229 [INFO] IPUIPlugin:80 - create IPUIPlugin
2023-10-04 07:54:29,230 [INFO] PluginManager:220 - loadIPPluginJar : add freertos
2023-10-04 07:54:29,235 [INFO] IPUIPlugin:80 - create IPUIPlugin
2023-10-04 07:54:29,236 [INFO] PluginManager:220 - loadIPPluginJar : add gic
2023-10-04 07:54:29,255 [INFO] IPUIPlugin:80 - create IPUIPlugin
2023-10-04 07:54:29,256 [INFO] PluginManager:220 - loadIPPluginJar : add adc
2023-10-04 07:54:29,261 [INFO] IPUIPlugin:80 - create IPUIPlugin
2023-10-04 07:54:29,261 [INFO] PluginManager:220 - loadIPPluginJar : add gtzc
2023-10-04 07:54:29,264 [INFO] IPUIPlugin:80 - create IPUIPlugin
2023-10-04 07:54:29,264 [INFO] PluginManager:220 - loadIPPluginJar : add quadspi
2023-10-04 07:54:29,267 [INFO] IPUIPlugin:80 - create IPUIPlugin
2023-10-04 07:54:29,267 [INFO] PluginManager:220 - loadIPPluginJar : add aes
2023-10-04 07:54:29,270 [INFO] IPUIPlugin:80 - create IPUIPlugin
2023-10-04 07:54:29,270 [INFO] PluginManager:220 - loadIPPluginJar : add pdm2pcm
2023-10-04 07:54:29,273 [INFO] IPUIPlugin:80 - create IPUIPlugin
2023-10-04 07:54:29,273 [INFO] PluginManager:220 - loadIPPluginJar : add hash
2023-10-04 07:54:29,274 [INFO] IPUIPlugin:80 - create IPUIPlugin
2023-10-04 07:54:29,274 [INFO] PluginManager:220 - loadIPPluginJar : add tim
2023-10-04 07:54:29,276 [INFO] IPUIPlugin:80 - create IPUIPlugin
2023-10-04 07:54:29,276 [INFO] PluginManager:220 - loadIPPluginJar : add tsc
2023-10-04 07:54:29,277 [INFO] IPUIPlugin:80 - create IPUIPlugin
2023-10-04 07:54:29,278 [INFO] PluginManager:220 - loadIPPluginJar : add ts
2023-10-04 07:54:29,281 [INFO] IPUIPlugin:80 - create IPUIPlugin
2023-10-04 07:54:29,281 [INFO] PluginManager:220 - loadIPPluginJar : add can
2023-10-04 07:54:29,283 [INFO] IPUIPlugin:80 - create IPUIPlugin
2023-10-04 07:54:29,283 [INFO] PluginManager:220 - loadIPPluginJar : add dma3
2023-10-04 07:54:29,285 [INFO] IPUIPlugin:80 - create IPUIPlugin
2023-10-04 07:54:29,286 [INFO] PluginManager:220 - loadIPPluginJar : add dfsdm
2023-10-04 07:54:29,288 [INFO] IPUIPlugin:80 - create IPUIPlugin
2023-10-04 07:54:29,288 [INFO] PluginManager:220 - loadIPPluginJar : add spi
2023-10-04 07:54:29,292 [INFO] IPUIPlugin:80 - create IPUIPlugin
2023-10-04 07:54:29,292 [INFO] PluginManager:220 - loadIPPluginJar : add gfxmmu
2023-10-04 07:54:29,294 [INFO] IPUIPlugin:80 - create IPUIPlugin
2023-10-04 07:54:29,295 [INFO] PluginManager:220 - loadIPPluginJar : add genericplugin
2023-10-04 07:54:29,298 [INFO] IPUIPlugin:80 - create IPUIPlugin
2023-10-04 07:54:29,298 [INFO] PluginManager:220 - loadIPPluginJar : add cryp
2023-10-04 07:54:29,302 [INFO] IPUIPlugin:80 - create IPUIPlugin
2023-10-04 07:54:29,303 [INFO] PluginManager:220 - loadIPPluginJar : add gpio
2023-10-04 07:54:29,304 [INFO] IPUIPlugin:80 - create IPUIPlugin
2023-10-04 07:54:29,305 [INFO] PluginManager:220 - loadIPPluginJar : add comp
2023-10-04 07:54:29,307 [INFO] IPUIPlugin:80 - create IPUIPlugin
2023-10-04 07:54:29,307 [INFO] PluginManager:220 - loadIPPluginJar : add tracer_emb
2023-10-04 07:54:29,309 [INFO] IPUIPlugin:80 - create IPUIPlugin
2023-10-04 07:54:29,310 [INFO] PluginManager:220 - loadIPPluginJar : add openamp
2023-10-04 07:54:29,315 [INFO] IPUIPlugin:80 - create IPUIPlugin
2023-10-04 07:54:29,315 [INFO] PluginManager:220 - loadIPPluginJar : add stm32_wpan
2023-10-04 07:54:29,321 [INFO] IPUIPlugin:80 - create IPUIPlugin
2023-10-04 07:54:29,324 [INFO] PluginManager:220 - loadIPPluginJar : add plateformsettings
2023-10-04 07:54:29,327 [INFO] IPUIPlugin:80 - create IPUIPlugin
2023-10-04 07:54:29,327 [INFO] PluginManager:220 - loadIPPluginJar : add ipddr
2023-10-04 07:54:29,330 [INFO] IPUIPlugin:80 - create IPUIPlugin
2023-10-04 07:54:29,330 [INFO] PluginManager:220 - loadIPPluginJar : add usart
2023-10-04 07:54:29,332 [INFO] IPUIPlugin:80 - create IPUIPlugin
2023-10-04 07:54:29,332 [INFO] PluginManager:220 - loadIPPluginJar : add ltdc
2023-10-04 07:54:29,336 [INFO] IPUIPlugin:80 - create IPUIPlugin
2023-10-04 07:54:29,336 [INFO] PluginManager:220 - loadIPPluginJar : add nvic
2023-10-04 07:54:29,337 [INFO] IPUIPlugin:80 - create IPUIPlugin
2023-10-04 07:54:29,337 [INFO] PluginManager:220 - loadIPPluginJar : add fatfs
2023-10-04 07:54:29,345 [INFO] IPUIPlugin:80 - create IPUIPlugin
2023-10-04 07:54:29,345 [INFO] PluginManager:220 - loadIPPluginJar : add linkedlist
2023-10-04 07:54:29,350 [INFO] IPUIPlugin:80 - create IPUIPlugin
2023-10-04 07:54:29,350 [INFO] PluginManager:220 - loadIPPluginJar : add dma
2023-10-04 07:54:29,354 [INFO] IPUIPlugin:80 - create IPUIPlugin
2023-10-04 07:54:29,354 [INFO] PluginManager:220 - loadIPPluginJar : add fmc
2023-10-04 07:54:29,357 [INFO] IPUIPlugin:80 - create IPUIPlugin
2023-10-04 07:54:29,357 [INFO] PluginManager:220 - loadIPPluginJar : add i2s
2023-10-04 07:54:29,358 [INFO] IPUIPlugin:80 - create IPUIPlugin
2023-10-04 07:54:29,359 [INFO] PluginManager:220 - loadIPPluginJar : add ucpd
2023-10-04 07:54:29,361 [INFO] IPUIPlugin:80 - create IPUIPlugin
2023-10-04 07:54:29,361 [INFO] PluginManager:220 - loadIPPluginJar : add lorawan
2023-10-04 07:54:29,363 [INFO] IPUIPlugin:80 - create IPUIPlugin
2023-10-04 07:54:29,363 [INFO] PluginManager:220 - loadIPPluginJar : add opamp
2023-10-04 07:54:29,366 [INFO] IPUIPlugin:80 - create IPUIPlugin
2023-10-04 07:54:29,367 [INFO] PluginManager:220 - loadIPPluginJar : add i3c
2023-10-04 07:54:29,369 [INFO] IPUIPlugin:80 - create IPUIPlugin
2023-10-04 07:54:29,370 [INFO] PluginManager:220 - loadIPPluginJar : add touchsensing
2023-10-04 07:54:29,372 [INFO] IPUIPlugin:80 - create IPUIPlugin
2023-10-04 07:54:29,372 [INFO] PluginManager:220 - loadIPPluginJar : add i2c
2023-10-04 07:54:29,376 [INFO] IPUIPlugin:80 - create IPUIPlugin
2023-10-04 07:54:29,376 [INFO] PluginManager:220 - loadIPPluginJar : add resmgrutility
2023-10-04 07:54:29,379 [INFO] IPUIPlugin:80 - create IPUIPlugin
2023-10-04 07:54:29,379 [INFO] PluginManager:220 - loadIPPluginJar : add sai
2023-10-04 07:54:29,382 [INFO] IPUIPlugin:80 - create IPUIPlugin
2023-10-04 07:54:29,382 [INFO] PluginManager:220 - loadIPPluginJar : add usbx
2023-10-04 07:54:29,489 [INFO] CADModel:165 - CPN selected for project level
2023-10-04 07:54:29,490 [INFO] CADModel:114 - Register for checkConnection events
2023-10-04 07:54:29,490 [FATAL] Updater:308 - Updater called before beeing initialized
2023-10-04 07:54:29,490 [ERROR] CADModel:125 - Updater not yet initialized, retry later 
2023-10-04 07:54:29,744 [INFO] CADModel:165 - CPN selected for project level
2023-10-04 07:54:29,745 [INFO] CADModel:114 - Register for checkConnection events
2023-10-04 07:54:29,745 [FATAL] Updater:308 - Updater called before beeing initialized
2023-10-04 07:54:29,745 [ERROR] CADModel:125 - Updater not yet initialized, retry later 
2023-10-04 07:54:29,750 [FATAL] Updater:308 - Updater called before beeing initialized
2023-10-04 07:54:29,835 [FATAL] Updater:308 - Updater called before beeing initialized
2023-10-04 07:54:29,841 [INFO] DbMcusAds:53 - JSON generation date=Tue Mar 07 00:50:55 PST 2023 (1678179055114)
2023-10-04 07:54:29,841 [FATAL] Updater:308 - Updater called before beeing initialized
2023-10-04 07:54:30,057 [WARN] DetailPanel:346 - Failed to get advertising image, set to default
2023-10-04 07:54:30,176 [FATAL] Updater:308 - Updater called before beeing initialized
2023-10-04 07:54:30,179 [FATAL] Updater:308 - Updater called before beeing initialized
2023-10-04 07:54:30,179 [FATAL] Updater:308 - Updater called before beeing initialized
2023-10-04 07:54:30,179 [WARN] DetailPanel:346 - Failed to get advertising image, set to default
2023-10-04 07:54:30,180 [FATAL] Updater:308 - Updater called before beeing initialized
2023-10-04 07:54:30,213 [ERROR] Updater:1120 - MainUpdater not yet initialized. External WinMGr cannot be set.
2023-10-04 07:54:30,237 [INFO] Updater:1056 - Updater Version found : 6.9.2
2023-10-04 07:54:30,276 [INFO] ApplicationProperties:184 - Using Application install path: /Applications/STM32CubeIDE.app/Contents/Eclipse/plugins/com.st.stm32cube.common.mx_6.9.2.202309101412
2023-10-04 07:54:30,853 [INFO] MainUpdater:2868 - connection check result : 10
2023-10-04 07:54:30,854 [INFO] MainUpdater:285 - Updater Check For Update Now.
2023-10-04 07:54:30,854 [INFO] MicroXplorer:498 - Change Database Version : DB.6.0.92
2023-10-04 07:54:30,866 [INFO] McuFinderGlobals:63 - Set McuFinder mode to 2 (CubeIDE integrated)
2023-10-04 07:54:31,044 [INFO] CheckServerUpdateThread:120 - End of CheckServer Thread
2023-10-04 07:54:31,712 [WARN] PackLoader:240 - Cannot read IP mode file for STMicroelectronics.X-CUBE-SMBUS.2.1.0
2023-10-04 07:54:31,749 [WARN] PackLoader:240 - Cannot read IP mode file for STMicroelectronics.X-CUBE-AZRTOS-F7.1.1.0
2023-10-04 07:54:31,765 [WARN] PackLoader:240 - Cannot read IP mode file for STMicroelectronics.FP-SNS-MOTENV1.4.3.2
2023-10-04 07:54:31,773 [WARN] PackLoader:240 - Cannot read IP mode file for STMicroelectronics.FP-SNS-FLIGHT1.5.0.2
2023-10-04 07:54:31,782 [WARN] PackLoader:240 - Cannot read IP mode file for STMicroelectronics.X-CUBE-DISPLAY.3.0.0
2023-10-04 07:54:31,799 [WARN] PackLoader:240 - Cannot read IP mode file for STMicroelectronics.X-CUBE-BLE1.7.0.0
2023-10-04 07:54:31,805 [WARN] PackLoader:240 - Cannot read IP mode file for emotas.I-CUBE-CANOPEN.1.3.0
2023-10-04 07:54:31,811 [WARN] PackLoader:240 - Cannot read IP mode file for STMicroelectronics.X-CUBE-TOUCHGFX.4.22.0
2023-10-04 07:54:31,814 [WARN] PackLoader:240 - Cannot read IP mode file for STMicroelectronics.X-CUBE-TOUCHGFX.4.22.1
2023-10-04 07:54:31,820 [WARN] PackLoader:240 - Cannot read IP mode file for STMicroelectronics.FP-SNS-SMARTAG2.1.2.0
2023-10-04 07:54:31,835 [INFO] LogOutputStream:77 - [STDOUT_REDIRECT] 1 : Invalid condition id : UX_CORESTACK_Condition cause : null
2023-10-04 07:54:31,835 [INFO] LogOutputStream:77 - [STDOUT_REDIRECT] 1 : Invalid condition id : UX_CORESTACK_Condition cause : null
2023-10-04 07:54:31,835 [INFO] LogOutputStream:77 - [STDOUT_REDIRECT] 1 : Invalid condition id : UX_CORESTACK_Condition cause : null
2023-10-04 07:54:31,836 [INFO] LogOutputStream:77 - [STDOUT_REDIRECT] 1 : Invalid condition id : UX_CORESTACK_Condition cause : null
2023-10-04 07:54:31,836 [INFO] LogOutputStream:77 - [STDOUT_REDIRECT] 1 : Invalid condition id : UX_CORESTACK_Condition cause : null
2023-10-04 07:54:31,840 [WARN] PackLoader:240 - Cannot read IP mode file for STMicroelectronics.X-CUBE-AZRTOS-WL.2.0.0
2023-10-04 07:54:31,851 [WARN] PackLoader:240 - Cannot read IP mode file for WES.I-CUBE-Cesium.1.3.0
2023-10-04 07:54:31,856 [WARN] PackLoader:240 - Cannot read IP mode file for STMicroelectronics.X-CUBE-BLE2.3.3.0
2023-10-04 07:54:31,865 [WARN] PackLoader:240 - Cannot read IP mode file for STMicroelectronics.X-CUBE-ALGOBUILD.1.3.0
2023-10-04 07:54:31,889 [WARN] PackLoader:240 - Cannot read IP mode file for STMicroelectronics.X-CUBE-AZRTOS-G0.1.1.0
2023-10-04 07:54:31,901 [WARN] PackLoader:240 - Cannot read IP mode file for STMicroelectronics.X-CUBE-NFC4.3.0.0
2023-10-04 07:54:31,905 [WARN] PackLoader:240 - Cannot read IP mode file for STMicroelectronics.FP-ATR-SIGFOX1.3.2.0
2023-10-04 07:54:31,954 [WARN] PackLoader:240 - Cannot read IP mode file for SEGGER.I-CUBE-embOS.1.3.1
2023-10-04 07:54:32,023 [WARN] PackLoader:240 - Cannot read IP mode file for STMicroelectronics.X-CUBE-GNSS1.6.0.0
2023-10-04 07:54:32,049 [WARN] PackLoader:240 - Cannot read IP mode file for STMicroelectronics.X-CUBE-AZRTOS-F4.1.1.0
2023-10-04 07:54:32,057 [WARN] PackLoader:240 - Cannot read IP mode file for wolfSSL.I-CUBE-wolfSSL.5.6.3
2023-10-04 07:54:32,078 [WARN] PackLoader:240 - Cannot read IP mode file for STMicroelectronics.X-CUBE-AZRTOS-L5.2.0.0
2023-10-04 07:54:32,139 [WARN] PackLoader:240 - Cannot read IP mode file for STMicroelectronics.X-CUBE-MEMS1.9.6.0
2023-10-04 07:54:32,499 [WARN] PackLoader:240 - Cannot read IP mode file for ITTIA_DB.I-CUBE-ITTIADB.8.8.0
2023-10-04 07:54:32,555 [WARN] PackLoader:240 - Cannot read IP mode file for STMicroelectronics.X-CUBE-BLEMGR.2.0.0
2023-10-04 07:54:32,596 [WARN] ConditionMgr:438 - getConditionDescription Invalid condition id : UX DEVICE CLASS RTOS Condition cause : null
2023-10-04 07:54:32,597 [WARN] ConditionMgr:438 - getConditionDescription Invalid condition id : UX DEVICE CLASS RTOS Condition cause : null
2023-10-04 07:54:32,602 [WARN] PackLoader:240 - Cannot read IP mode file for STMicroelectronics.X-CUBE-AZRTOS-H7.3.1.0
2023-10-04 07:54:32,603 [WARN] ConditionMgr:1039 - genDependencies : Invalid condition id : UX DEVICE CLASS RTOS Condition cause : null
2023-10-04 07:54:32,604 [WARN] ConditionMgr:1039 - genDependencies : Invalid condition id : UX DEVICE CLASS RTOS Condition cause : null
2023-10-04 07:54:32,605 [WARN] ConditionMgr:1039 - genDependencies : Invalid condition id : UX DEVICE CLASS RTOS Condition cause : null
2023-10-04 07:54:32,605 [WARN] ConditionMgr:1039 - genDependencies : Invalid condition id : UX DEVICE CLASS RTOS Condition cause : null
2023-10-04 07:54:32,606 [WARN] ConditionMgr:1039 - genDependencies : Invalid condition id : UX DEVICE CLASS RTOS Condition cause : null
2023-10-04 07:54:32,621 [WARN] PackLoader:240 - Cannot read IP mode file for STMicroelectronics.X-CUBE-NFC7.1.0.1
2023-10-04 07:54:32,662 [WARN] PackLoader:240 - Cannot read IP mode file for STMicroelectronics.X-CUBE-NFC6.3.0.0
2023-10-04 07:54:32,695 [WARN] PackLoader:240 - Cannot read IP mode file for STMicroelectronics.X-CUBE-EEPRMA1.4.1.0
2023-10-04 07:54:32,701 [WARN] PackLoader:240 - Cannot read IP mode file for STMicroelectronics.X-CUBE-AI.8.1.0
2023-10-04 07:54:32,745 [WARN] ConditionMgr:438 - getConditionDescription Invalid condition id : LAN8742 Phy interface Condition cause : null
2023-10-04 07:54:32,747 [WARN] PackLoader:240 - Cannot read IP mode file for STMicroelectronics.X-CUBE-AZRTOS-L4.2.0.0
2023-10-04 07:54:32,752 [WARN] ConditionMgr:1039 - genDependencies : Invalid condition id : LAN8742 Phy interface Condition cause : null
2023-10-04 07:54:32,752 [WARN] ConditionMgr:1039 - genDependencies : Invalid condition id : LAN8742 Phy interface Condition cause : null
2023-10-04 07:54:32,754 [WARN] ConditionMgr:1039 - genDependencies : Invalid condition id : LAN8742 Phy interface Condition cause : null
2023-10-04 07:54:32,784 [WARN] PackLoader:240 - Cannot read IP mode file for STMicroelectronics.X-CUBE-SFXS2LP1.4.0.0
2023-10-04 07:54:32,814 [WARN] PackLoader:240 - Cannot read IP mode file for STMicroelectronics.X-CUBE-ISPU.1.1.0
2023-10-04 07:54:32,871 [WARN] ConditionMgr:438 - getConditionDescription Invalid condition id : UX DEVICE CLASS RTOS Condition cause : null
2023-10-04 07:54:32,873 [WARN] ConditionMgr:438 - getConditionDescription Invalid condition id : UX DEVICE CLASS RTOS Condition cause : null
2023-10-04 07:54:32,956 [WARN] PackLoader:240 - Cannot read IP mode file for STMicroelectronics.X-CUBE-AZRTOS-WB.2.0.0
2023-10-04 07:54:32,973 [WARN] ConditionMgr:1039 - genDependencies : Invalid condition id : UX DEVICE CLASS RTOS Condition cause : null
2023-10-04 07:54:32,975 [WARN] ConditionMgr:1039 - genDependencies : Invalid condition id : UX DEVICE CLASS RTOS Condition cause : null
2023-10-04 07:54:32,980 [WARN] ConditionMgr:1039 - genDependencies : Invalid condition id : UX DEVICE CLASS RTOS Condition cause : null
2023-10-04 07:54:32,982 [WARN] ConditionMgr:1039 - genDependencies : Invalid condition id : UX DEVICE CLASS RTOS Condition cause : null
2023-10-04 07:54:32,982 [WARN] ConditionMgr:1039 - genDependencies : Invalid condition id : UX DEVICE CLASS RTOS Condition cause : null
2023-10-04 07:54:33,022 [WARN] PackLoader:240 - Cannot read IP mode file for STMicroelectronics.X-CUBE-SUBG2.5.0.0
2023-10-04 07:54:33,086 [WARN] PackLoader:240 - Cannot read IP mode file for STMicroelectronics.X-CUBE-TOF1.3.3.1
2023-10-04 07:54:33,156 [WARN] PackLoader:240 - Cannot read IP mode file for STMicroelectronics.X-CUBE-AZRTOS-G4.2.0.0
2023-10-04 07:54:33,163 [WARN] PackLoader:240 - Cannot read IP mode file for STMicroelectronics.X-CUBE-FREERTOS.1.1.0
2023-10-04 07:54:33,167 [WARN] PackLoader:240 - Cannot read IP mode file for portGmbH.I-Cube-SoM-uGOAL.1.1.0
2023-10-04 07:54:33,172 [WARN] PackLoader:240 - Cannot read IP mode file for STMicroelectronics.X-CUBE-ALS.1.0.1
2023-10-04 07:54:33,175 [WARN] PackLoader:240 - Cannot read IP mode file for STMicroelectronics.FP-ATR-ASTRA1.2.0.0
2023-10-04 07:54:33,175 [INFO] ThirdParty:978 - Integrity check success = true
2023-10-04 07:54:33,176 [INFO] IntegrityCheckThread:100 - exiting critical section [integrity check]
2023-10-04 07:54:33,176 [INFO] IntegrityCheckThread:103 - End integrity checks thread
2023-10-04 07:54:51,696 [ERROR] LogOutputStream:75 - [STDERR_REDIRECT] SLF4J: Failed to load class "org.slf4j.impl.StaticLoggerBinder".
2023-10-04 07:54:51,697 [ERROR] LogOutputStream:75 - [STDERR_REDIRECT] SLF4J: Defaulting to no-operation (NOP) logger implementation
2023-10-04 07:54:51,698 [ERROR] LogOutputStream:75 - [STDERR_REDIRECT] SLF4J: See http://www.slf4j.org/codes.html#StaticLoggerBinder for further details.
