2023-10-17 14:35:26,306 [INFO] Activator:176 - 


2023-10-17 14:35:26,391 [INFO] Activator:177 - !SESSION log4j initialized
2023-10-17 14:35:33,911 [ERROR] LogOutputStream:75 - [STDERR_REDIRECT] 
2023-10-17 14:35:37,405 [INFO] LogOutputStream:77 - [STDOUT_REDIRECT] 
2023-10-17 14:35:39,353 [INFO] ApplicationProperties:184 - Using Application install path: /Applications/STM32CubeIDE.app/Contents/Eclipse/plugins/com.st.stm32cube.common.mx_6.9.2.202309101412
2023-10-17 14:35:39,370 [INFO] DbMcusXml:78 - Set database path to: /Applications/STM32CubeIDE.app/Contents/Eclipse/plugins/com.st.stm32cube.common.mx_6.9.2.202309101412//db//mcu/
2023-10-17 14:35:39,371 [INFO] ApiDb:274 - Set plugin database path to: /Applications/STM32CubeIDE.app/Contents/Eclipse/plugins/com.st.stm32cube.common.mx_6.9.2.202309101412//db//plugins/boardmanager/
2023-10-17 14:35:39,371 [WARN] ApiDb:259 - Overriding images path with different value:  => /Applications/STM32CubeIDE.app/Contents/Eclipse/plugins/com.st.stm32cube.common.mx_6.9.2.202309101412//db//plugins/mcufinder/images/
2023-10-17 14:35:39,382 [INFO] ApiDb:250 - Set database path to: /Users/jackkrammer/.stmcufinder/plugins/mcufinder//mcu/
2023-10-17 14:35:39,384 [INFO] DbMcusAds:125 - Set database path to: /Users/jackkrammer/.stmcufinder/plugins/mcufinder//mcu/
2023-10-17 14:35:39,387 [INFO] CrossReferenceDbSqlite:203 - Set database path to: /Users/jackkrammer/.stmcufinder/plugins/mcufinder//mcu/cs/
2023-10-17 14:35:39,527 [INFO] RulesReader:64 - Compatibility file has been processed (293 Rules)
2023-10-17 14:35:39,626 [INFO] DbMcusXml:78 - Set database path to: /Applications/STM32CubeIDE.app/Contents/Eclipse/plugins/com.st.stm32cube.common.mx_6.9.2.202309101412//db//mcu/
2023-10-17 14:35:39,626 [INFO] ApiDb:274 - Set plugin database path to: /Applications/STM32CubeIDE.app/Contents/Eclipse/plugins/com.st.stm32cube.common.mx_6.9.2.202309101412//db//plugins/boardmanager/
2023-10-17 14:35:39,626 [INFO] ApiDb:261 - Set plugin images path to: /Applications/STM32CubeIDE.app/Contents/Eclipse/plugins/com.st.stm32cube.common.mx_6.9.2.202309101412//db//plugins/mcufinder/images/
2023-10-17 14:35:39,626 [WARN] DbFile:41 - Overriding database path with different value: /Users/jackkrammer/.stmcufinder/plugins/mcufinder/ => /Users/jackkrammer/.stmcufinder/plugins/mcufinder
2023-10-17 14:35:39,626 [INFO] ApiDb:250 - Set database path to: /Users/jackkrammer/.stmcufinder/plugins/mcufinder//mcu/
2023-10-17 14:35:39,627 [WARN] DbFile:41 - Overriding database path with different value: /Users/jackkrammer/.stmcufinder/plugins/mcufinder/ => /Users/jackkrammer/.stmcufinder/plugins/mcufinder
2023-10-17 14:35:39,627 [INFO] DbMcusAds:125 - Set database path to: /Users/jackkrammer/.stmcufinder/plugins/mcufinder//mcu/
2023-10-17 14:35:39,627 [WARN] DbFile:41 - Overriding database path with different value: /Users/jackkrammer/.stmcufinder/plugins/mcufinder/ => /Users/jackkrammer/.stmcufinder/plugins/mcufinder
2023-10-17 14:35:39,627 [WARN] DbFile:41 - Overriding database path with different value: /Users/jackkrammer/.stmcufinder/plugins/mcufinder/ => /Users/jackkrammer/.stmcufinder/plugins/mcufinder
2023-10-17 14:35:39,627 [INFO] CrossReferenceDbSqlite:203 - Set database path to: /Users/jackkrammer/.stmcufinder/plugins/mcufinder//mcu/cs/
2023-10-17 14:35:39,737 [INFO] MainPanel:262 - HeapMemory: 268435456
2023-10-17 14:35:39,858 [INFO] DbMcusXml:78 - Set database path to: /Applications/STM32CubeIDE.app/Contents/Eclipse/plugins/com.st.stm32cube.common.mx_6.9.2.202309101412//db//mcu/
2023-10-17 14:35:39,859 [INFO] ApiDb:274 - Set plugin database path to: /Applications/STM32CubeIDE.app/Contents/Eclipse/plugins/com.st.stm32cube.common.mx_6.9.2.202309101412//db//plugins/boardmanager/
2023-10-17 14:35:39,859 [INFO] ApiDb:261 - Set plugin images path to: /Applications/STM32CubeIDE.app/Contents/Eclipse/plugins/com.st.stm32cube.common.mx_6.9.2.202309101412//db//plugins/mcufinder/images/
2023-10-17 14:35:39,861 [WARN] DbFile:41 - Overriding database path with different value: /Users/jackkrammer/.stmcufinder/plugins/mcufinder/ => /Users/jackkrammer/.stmcufinder/plugins/mcufinder
2023-10-17 14:35:39,862 [INFO] ApiDb:250 - Set database path to: /Users/jackkrammer/.stmcufinder/plugins/mcufinder//mcu/
2023-10-17 14:35:39,863 [WARN] DbFile:41 - Overriding database path with different value: /Users/jackkrammer/.stmcufinder/plugins/mcufinder/ => /Users/jackkrammer/.stmcufinder/plugins/mcufinder
2023-10-17 14:35:39,863 [INFO] DbMcusAds:125 - Set database path to: /Users/jackkrammer/.stmcufinder/plugins/mcufinder//mcu/
2023-10-17 14:35:39,863 [WARN] DbFile:41 - Overriding database path with different value: /Users/jackkrammer/.stmcufinder/plugins/mcufinder/ => /Users/jackkrammer/.stmcufinder/plugins/mcufinder
2023-10-17 14:35:39,863 [WARN] DbFile:41 - Overriding database path with different value: /Users/jackkrammer/.stmcufinder/plugins/mcufinder/ => /Users/jackkrammer/.stmcufinder/plugins/mcufinder
2023-10-17 14:35:39,863 [INFO] CrossReferenceDbSqlite:203 - Set database path to: /Users/jackkrammer/.stmcufinder/plugins/mcufinder//mcu/cs/
2023-10-17 14:35:39,905 [INFO] ApplicationProperties:184 - Using Application install path: /Applications/STM32CubeIDE.app/Contents/Eclipse/plugins/com.st.stm32cube.common.mx_6.9.2.202309101412
2023-10-17 14:35:39,906 [INFO] PluginManage:196 - Search for loadable plugins [exclusion list=, ]
2023-10-17 14:35:39,907 [INFO] PluginManage:310 - Check plugin analytics
2023-10-17 14:35:40,165 [INFO] AnalyticsPlugin:253 - Accepted Software Licenses: 
2023-10-17 14:35:40,166 [INFO] AnalyticsPlugin:255 - Accepted CMSIS Pack Licenses: 
2023-10-17 14:35:40,168 [INFO] AnalyticsPlugin:257 - Accepted Firmware Licenses: FW.L4.1.18.0
2023-10-17 14:35:40,171 [INFO] PluginManage:359 - Loaded plugin analytics (category:tool,tabindex:-1)
2023-10-17 14:35:40,173 [INFO] PluginManage:310 - Check plugin cadmodel
2023-10-17 14:35:40,655 [INFO] CADModel:105 - Init CAD model plugin
2023-10-17 14:35:40,655 [INFO] PluginManage:359 - Loaded plugin cadmodel (category:power,tabindex:5)
2023-10-17 14:35:40,656 [INFO] PluginManage:310 - Check plugin clock
2023-10-17 14:35:40,674 [INFO] PluginManage:359 - Loaded plugin clock (category:base,tabindex:2)
2023-10-17 14:35:40,674 [INFO] PluginManage:310 - Check plugin ddr
2023-10-17 14:35:40,677 [INFO] PluginManage:359 - Loaded plugin ddr (category:tool,tabindex:6)
2023-10-17 14:35:40,678 [INFO] PluginManage:310 - Check plugin filemanager
2023-10-17 14:35:40,929 [INFO] PluginManage:359 - Loaded plugin filemanager (category:base,tabindex:10)
2023-10-17 14:35:40,930 [INFO] PluginManage:310 - Check plugin ipmanager
2023-10-17 14:35:40,963 [INFO] PluginManage:359 - Loaded plugin ipmanager (category:base,tabindex:5)
2023-10-17 14:35:40,963 [INFO] PluginManage:310 - Check plugin lpbam
2023-10-17 14:35:40,974 [INFO] PluginManage:359 - Loaded plugin lpbam (category:base,tabindex:0)
2023-10-17 14:35:40,974 [INFO] PluginManage:310 - Check plugin memorymap
2023-10-17 14:35:41,015 [INFO] PluginManage:359 - Loaded plugin memorymap (category:base,tabindex:4)
2023-10-17 14:35:41,016 [INFO] PluginManage:310 - Check plugin pinoutandconfiguration
2023-10-17 14:35:41,024 [INFO] PluginManage:359 - Loaded plugin pinoutandconfiguration (category:base,tabindex:1)
2023-10-17 14:35:41,024 [INFO] PluginManage:310 - Check plugin pinoutconfig
2023-10-17 14:35:41,179 [WARN] SupportedApi:132 - Cannot load RTOS API schema: s4s-elt-must-match.1: The content of 'definitions' must match (annotation?, (simpleType | complexType)?, (unique | key | keyref)*)). A problem was found starting at: attribute.
2023-10-17 14:35:41,431 [INFO] PluginManage:359 - Loaded plugin pinoutconfig (category:base,tabindex:0)
2023-10-17 14:35:41,431 [INFO] PluginManage:310 - Check plugin power
2023-10-17 14:35:41,468 [INFO] PluginManage:359 - Loaded plugin power (category:power,tabindex:4)
2023-10-17 14:35:41,468 [INFO] PluginManage:310 - Check plugin projectmanager
2023-10-17 14:35:41,480 [INFO] PluginManage:359 - Loaded plugin projectmanager (category:projectmanager,tabindex:3)
2023-10-17 14:35:41,481 [INFO] PluginManage:310 - Check plugin thirdparty
2023-10-17 14:35:41,664 [WARN] IntegrityCheckThread:84 - waiting for thirdparty lock release [integrity check]
2023-10-17 14:35:41,664 [INFO] IntegrityCheckThread:86 - entering critical section [integrity check]
2023-10-17 14:35:41,664 [INFO] ThirdPartyUpdaterWithRetryManager:70 - Updater plugin not ready yet. [1/15]
2023-10-17 14:35:41,665 [INFO] PluginManage:359 - Loaded plugin thirdparty (category:base,tabindex:-1)
2023-10-17 14:35:41,665 [INFO] PluginManage:310 - Check plugin tools
2023-10-17 14:35:41,668 [INFO] PluginManage:359 - Loaded plugin tools (category:base,tabindex:7)
2023-10-17 14:35:41,668 [INFO] PluginManage:310 - Check plugin tutovideos
2023-10-17 14:35:41,983 [INFO] PluginManage:359 - Loaded plugin tutovideos (category:base,tabindex:-1)
2023-10-17 14:35:41,983 [INFO] PluginManage:310 - Check plugin updater
2023-10-17 14:35:42,006 [INFO] PluginManage:359 - Loaded plugin updater (category:base,tabindex:12)
2023-10-17 14:35:42,006 [INFO] PluginManage:310 - Check plugin userauth
2023-10-17 14:35:42,012 [INFO] UserAuth:113 - Init User Auth plugin
2023-10-17 14:35:42,013 [INFO] PluginManage:359 - Loaded plugin userauth (category:base,tabindex:14)
2023-10-17 14:35:42,013 [INFO] PluginManage:283 - PluginManage : Loaded plugins [17]
2023-10-17 14:35:42,317 [INFO] PinOutPanel:1499 - setPackage(No Configuration,No Configuration)
2023-10-17 14:35:42,419 [INFO] CADModel:165 - CPN selected for project level
2023-10-17 14:35:42,419 [INFO] CADModel:114 - Register for checkConnection events
2023-10-17 14:35:42,432 [INFO] IPUIPlugin:80 - create IPUIPlugin
2023-10-17 14:35:42,433 [INFO] PluginManager:220 - loadIPPluginJar : add mdma
2023-10-17 14:35:42,441 [INFO] IPUIPlugin:80 - create IPUIPlugin
2023-10-17 14:35:42,442 [INFO] PluginManager:220 - loadIPPluginJar : add freertos
2023-10-17 14:35:42,447 [INFO] IPUIPlugin:80 - create IPUIPlugin
2023-10-17 14:35:42,447 [INFO] PluginManager:220 - loadIPPluginJar : add gic
2023-10-17 14:35:42,457 [INFO] IPUIPlugin:80 - create IPUIPlugin
2023-10-17 14:35:42,457 [INFO] PluginManager:220 - loadIPPluginJar : add adc
2023-10-17 14:35:42,460 [INFO] IPUIPlugin:80 - create IPUIPlugin
2023-10-17 14:35:42,460 [INFO] PluginManager:220 - loadIPPluginJar : add gtzc
2023-10-17 14:35:42,462 [INFO] IPUIPlugin:80 - create IPUIPlugin
2023-10-17 14:35:42,462 [INFO] PluginManager:220 - loadIPPluginJar : add quadspi
2023-10-17 14:35:42,465 [INFO] IPUIPlugin:80 - create IPUIPlugin
2023-10-17 14:35:42,465 [INFO] PluginManager:220 - loadIPPluginJar : add aes
2023-10-17 14:35:42,469 [INFO] IPUIPlugin:80 - create IPUIPlugin
2023-10-17 14:35:42,469 [INFO] PluginManager:220 - loadIPPluginJar : add pdm2pcm
2023-10-17 14:35:42,472 [INFO] IPUIPlugin:80 - create IPUIPlugin
2023-10-17 14:35:42,472 [INFO] PluginManager:220 - loadIPPluginJar : add hash
2023-10-17 14:35:42,474 [INFO] IPUIPlugin:80 - create IPUIPlugin
2023-10-17 14:35:42,474 [INFO] PluginManager:220 - loadIPPluginJar : add tim
2023-10-17 14:35:42,476 [INFO] IPUIPlugin:80 - create IPUIPlugin
2023-10-17 14:35:42,476 [INFO] PluginManager:220 - loadIPPluginJar : add tsc
2023-10-17 14:35:42,478 [INFO] IPUIPlugin:80 - create IPUIPlugin
2023-10-17 14:35:42,478 [INFO] PluginManager:220 - loadIPPluginJar : add ts
2023-10-17 14:35:42,481 [INFO] IPUIPlugin:80 - create IPUIPlugin
2023-10-17 14:35:42,481 [INFO] PluginManager:220 - loadIPPluginJar : add can
2023-10-17 14:35:42,484 [INFO] IPUIPlugin:80 - create IPUIPlugin
2023-10-17 14:35:42,484 [INFO] PluginManager:220 - loadIPPluginJar : add dma3
2023-10-17 14:35:42,486 [INFO] IPUIPlugin:80 - create IPUIPlugin
2023-10-17 14:35:42,486 [INFO] PluginManager:220 - loadIPPluginJar : add dfsdm
2023-10-17 14:35:42,489 [INFO] IPUIPlugin:80 - create IPUIPlugin
2023-10-17 14:35:42,489 [INFO] PluginManager:220 - loadIPPluginJar : add spi
2023-10-17 14:35:42,491 [INFO] IPUIPlugin:80 - create IPUIPlugin
2023-10-17 14:35:42,491 [INFO] PluginManager:220 - loadIPPluginJar : add gfxmmu
2023-10-17 14:35:42,493 [INFO] IPUIPlugin:80 - create IPUIPlugin
2023-10-17 14:35:42,493 [INFO] PluginManager:220 - loadIPPluginJar : add genericplugin
2023-10-17 14:35:42,495 [INFO] IPUIPlugin:80 - create IPUIPlugin
2023-10-17 14:35:42,495 [INFO] PluginManager:220 - loadIPPluginJar : add cryp
2023-10-17 14:35:42,500 [INFO] IPUIPlugin:80 - create IPUIPlugin
2023-10-17 14:35:42,500 [INFO] PluginManager:220 - loadIPPluginJar : add gpio
2023-10-17 14:35:42,501 [INFO] IPUIPlugin:80 - create IPUIPlugin
2023-10-17 14:35:42,502 [INFO] PluginManager:220 - loadIPPluginJar : add comp
2023-10-17 14:35:42,504 [INFO] IPUIPlugin:80 - create IPUIPlugin
2023-10-17 14:35:42,504 [INFO] PluginManager:220 - loadIPPluginJar : add tracer_emb
2023-10-17 14:35:42,507 [INFO] IPUIPlugin:80 - create IPUIPlugin
2023-10-17 14:35:42,507 [INFO] PluginManager:220 - loadIPPluginJar : add openamp
2023-10-17 14:35:42,512 [INFO] IPUIPlugin:80 - create IPUIPlugin
2023-10-17 14:35:42,512 [INFO] PluginManager:220 - loadIPPluginJar : add stm32_wpan
2023-10-17 14:35:42,518 [INFO] IPUIPlugin:80 - create IPUIPlugin
2023-10-17 14:35:42,521 [INFO] PluginManager:220 - loadIPPluginJar : add plateformsettings
2023-10-17 14:35:42,526 [INFO] IPUIPlugin:80 - create IPUIPlugin
2023-10-17 14:35:42,526 [INFO] PluginManager:220 - loadIPPluginJar : add ipddr
2023-10-17 14:35:42,529 [INFO] IPUIPlugin:80 - create IPUIPlugin
2023-10-17 14:35:42,529 [INFO] PluginManager:220 - loadIPPluginJar : add usart
2023-10-17 14:35:42,531 [INFO] IPUIPlugin:80 - create IPUIPlugin
2023-10-17 14:35:42,531 [INFO] PluginManager:220 - loadIPPluginJar : add ltdc
2023-10-17 14:35:42,535 [INFO] IPUIPlugin:80 - create IPUIPlugin
2023-10-17 14:35:42,535 [INFO] PluginManager:220 - loadIPPluginJar : add nvic
2023-10-17 14:35:42,537 [INFO] IPUIPlugin:80 - create IPUIPlugin
2023-10-17 14:35:42,537 [INFO] PluginManager:220 - loadIPPluginJar : add fatfs
2023-10-17 14:35:42,545 [INFO] IPUIPlugin:80 - create IPUIPlugin
2023-10-17 14:35:42,545 [INFO] PluginManager:220 - loadIPPluginJar : add linkedlist
2023-10-17 14:35:42,551 [INFO] IPUIPlugin:80 - create IPUIPlugin
2023-10-17 14:35:42,551 [INFO] PluginManager:220 - loadIPPluginJar : add dma
2023-10-17 14:35:42,555 [INFO] IPUIPlugin:80 - create IPUIPlugin
2023-10-17 14:35:42,556 [INFO] PluginManager:220 - loadIPPluginJar : add fmc
2023-10-17 14:35:42,558 [INFO] IPUIPlugin:80 - create IPUIPlugin
2023-10-17 14:35:42,558 [INFO] PluginManager:220 - loadIPPluginJar : add i2s
2023-10-17 14:35:42,560 [INFO] IPUIPlugin:80 - create IPUIPlugin
2023-10-17 14:35:42,560 [INFO] PluginManager:220 - loadIPPluginJar : add ucpd
2023-10-17 14:35:42,563 [INFO] IPUIPlugin:80 - create IPUIPlugin
2023-10-17 14:35:42,563 [INFO] PluginManager:220 - loadIPPluginJar : add lorawan
2023-10-17 14:35:42,565 [INFO] IPUIPlugin:80 - create IPUIPlugin
2023-10-17 14:35:42,566 [INFO] PluginManager:220 - loadIPPluginJar : add opamp
2023-10-17 14:35:42,569 [INFO] IPUIPlugin:80 - create IPUIPlugin
2023-10-17 14:35:42,569 [INFO] PluginManager:220 - loadIPPluginJar : add i3c
2023-10-17 14:35:42,573 [INFO] IPUIPlugin:80 - create IPUIPlugin
2023-10-17 14:35:42,573 [INFO] PluginManager:220 - loadIPPluginJar : add touchsensing
2023-10-17 14:35:42,576 [INFO] IPUIPlugin:80 - create IPUIPlugin
2023-10-17 14:35:42,576 [INFO] PluginManager:220 - loadIPPluginJar : add i2c
2023-10-17 14:35:42,580 [INFO] IPUIPlugin:80 - create IPUIPlugin
2023-10-17 14:35:42,580 [INFO] PluginManager:220 - loadIPPluginJar : add resmgrutility
2023-10-17 14:35:42,583 [INFO] IPUIPlugin:80 - create IPUIPlugin
2023-10-17 14:35:42,584 [INFO] PluginManager:220 - loadIPPluginJar : add sai
2023-10-17 14:35:42,587 [INFO] IPUIPlugin:80 - create IPUIPlugin
2023-10-17 14:35:42,587 [INFO] PluginManager:220 - loadIPPluginJar : add usbx
2023-10-17 14:35:42,686 [INFO] CADModel:165 - CPN selected for project level
2023-10-17 14:35:42,686 [INFO] CADModel:114 - Register for checkConnection events
2023-10-17 14:35:42,686 [FATAL] Updater:308 - Updater called before beeing initialized
2023-10-17 14:35:42,687 [ERROR] CADModel:125 - Updater not yet initialized, retry later 
2023-10-17 14:35:42,876 [INFO] CADModel:165 - CPN selected for project level
2023-10-17 14:35:42,876 [INFO] CADModel:114 - Register for checkConnection events
2023-10-17 14:35:42,876 [FATAL] Updater:308 - Updater called before beeing initialized
2023-10-17 14:35:42,876 [ERROR] CADModel:125 - Updater not yet initialized, retry later 
2023-10-17 14:35:42,881 [FATAL] Updater:308 - Updater called before beeing initialized
2023-10-17 14:35:42,962 [FATAL] Updater:308 - Updater called before beeing initialized
2023-10-17 14:35:42,967 [INFO] DbMcusAds:53 - JSON generation date=Tue Mar 07 00:50:55 PST 2023 (1678179055114)
2023-10-17 14:35:42,967 [FATAL] Updater:308 - Updater called before beeing initialized
2023-10-17 14:35:43,128 [WARN] DetailPanel:346 - Failed to get advertising image, set to default
2023-10-17 14:35:43,228 [FATAL] Updater:308 - Updater called before beeing initialized
2023-10-17 14:35:43,230 [FATAL] Updater:308 - Updater called before beeing initialized
2023-10-17 14:35:43,230 [FATAL] Updater:308 - Updater called before beeing initialized
2023-10-17 14:35:43,230 [WARN] DetailPanel:346 - Failed to get advertising image, set to default
2023-10-17 14:35:43,232 [FATAL] Updater:308 - Updater called before beeing initialized
2023-10-17 14:35:43,263 [ERROR] Updater:1120 - MainUpdater not yet initialized. External WinMGr cannot be set.
2023-10-17 14:35:43,287 [INFO] Updater:1056 - Updater Version found : 6.9.2
2023-10-17 14:35:43,309 [INFO] ApplicationProperties:184 - Using Application install path: /Applications/STM32CubeIDE.app/Contents/Eclipse/plugins/com.st.stm32cube.common.mx_6.9.2.202309101412
2023-10-17 14:35:43,536 [INFO] MainUpdater:2868 - connection check result : 10
2023-10-17 14:35:43,537 [INFO] MainUpdater:285 - Updater Check For Update Now.
2023-10-17 14:35:43,537 [INFO] MicroXplorer:498 - Change Database Version : DB.6.0.92
2023-10-17 14:35:43,543 [INFO] McuFinderGlobals:63 - Set McuFinder mode to 2 (CubeIDE integrated)
2023-10-17 14:35:43,731 [INFO] CheckServerUpdateThread:120 - End of CheckServer Thread
2023-10-17 14:35:44,793 [WARN] PackLoader:240 - Cannot read IP mode file for STMicroelectronics.X-CUBE-SMBUS.2.1.0
2023-10-17 14:35:44,825 [WARN] PackLoader:240 - Cannot read IP mode file for STMicroelectronics.X-CUBE-AZRTOS-F7.1.1.0
2023-10-17 14:35:44,834 [WARN] PackLoader:240 - Cannot read IP mode file for STMicroelectronics.FP-SNS-MOTENV1.4.3.2
2023-10-17 14:35:44,841 [WARN] PackLoader:240 - Cannot read IP mode file for STMicroelectronics.FP-SNS-FLIGHT1.5.0.2
2023-10-17 14:35:44,851 [WARN] PackLoader:240 - Cannot read IP mode file for STMicroelectronics.X-CUBE-DISPLAY.3.0.0
2023-10-17 14:35:44,864 [WARN] PackLoader:240 - Cannot read IP mode file for STMicroelectronics.X-CUBE-BLE1.7.0.0
2023-10-17 14:35:44,869 [WARN] PackLoader:240 - Cannot read IP mode file for emotas.I-CUBE-CANOPEN.1.3.0
2023-10-17 14:35:44,873 [WARN] PackLoader:240 - Cannot read IP mode file for STMicroelectronics.X-CUBE-TOUCHGFX.4.22.0
2023-10-17 14:35:44,876 [WARN] PackLoader:240 - Cannot read IP mode file for STMicroelectronics.X-CUBE-TOUCHGFX.4.22.1
2023-10-17 14:35:44,881 [WARN] PackLoader:240 - Cannot read IP mode file for STMicroelectronics.FP-SNS-SMARTAG2.1.2.0
2023-10-17 14:35:44,896 [INFO] LogOutputStream:77 - [STDOUT_REDIRECT] 1 : Invalid condition id : UX_CORESTACK_Condition cause : null
2023-10-17 14:35:44,896 [INFO] LogOutputStream:77 - [STDOUT_REDIRECT] 1 : Invalid condition id : UX_CORESTACK_Condition cause : null
2023-10-17 14:35:44,896 [INFO] LogOutputStream:77 - [STDOUT_REDIRECT] 1 : Invalid condition id : UX_CORESTACK_Condition cause : null
2023-10-17 14:35:44,896 [INFO] LogOutputStream:77 - [STDOUT_REDIRECT] 1 : Invalid condition id : UX_CORESTACK_Condition cause : null
2023-10-17 14:35:44,897 [INFO] LogOutputStream:77 - [STDOUT_REDIRECT] 1 : Invalid condition id : UX_CORESTACK_Condition cause : null
2023-10-17 14:35:44,902 [WARN] PackLoader:240 - Cannot read IP mode file for STMicroelectronics.X-CUBE-AZRTOS-WL.2.0.0
2023-10-17 14:35:44,909 [WARN] PackLoader:240 - Cannot read IP mode file for WES.I-CUBE-Cesium.1.3.0
2023-10-17 14:35:44,914 [WARN] PackLoader:240 - Cannot read IP mode file for STMicroelectronics.X-CUBE-BLE2.3.3.0
2023-10-17 14:35:44,920 [WARN] PackLoader:240 - Cannot read IP mode file for STMicroelectronics.X-CUBE-ALGOBUILD.1.3.0
2023-10-17 14:35:44,945 [WARN] PackLoader:240 - Cannot read IP mode file for STMicroelectronics.X-CUBE-AZRTOS-G0.1.1.0
2023-10-17 14:35:44,955 [WARN] PackLoader:240 - Cannot read IP mode file for STMicroelectronics.X-CUBE-NFC4.3.0.0
2023-10-17 14:35:44,960 [WARN] PackLoader:240 - Cannot read IP mode file for STMicroelectronics.FP-ATR-SIGFOX1.3.2.0
2023-10-17 14:35:44,998 [WARN] PackLoader:240 - Cannot read IP mode file for SEGGER.I-CUBE-embOS.1.3.1
2023-10-17 14:35:45,047 [WARN] PackLoader:240 - Cannot read IP mode file for STMicroelectronics.X-CUBE-GNSS1.6.0.0
2023-10-17 14:35:45,082 [WARN] PackLoader:240 - Cannot read IP mode file for STMicroelectronics.X-CUBE-AZRTOS-F4.1.1.0
2023-10-17 14:35:45,099 [WARN] PackLoader:240 - Cannot read IP mode file for wolfSSL.I-CUBE-wolfSSL.5.6.3
2023-10-17 14:35:45,130 [WARN] PackLoader:240 - Cannot read IP mode file for STMicroelectronics.X-CUBE-AZRTOS-L5.2.0.0
2023-10-17 14:35:45,178 [WARN] PackLoader:240 - Cannot read IP mode file for STMicroelectronics.X-CUBE-MEMS1.9.6.0
2023-10-17 14:35:45,338 [WARN] PackLoader:240 - Cannot read IP mode file for ITTIA_DB.I-CUBE-ITTIADB.8.8.0
2023-10-17 14:35:45,345 [WARN] PackLoader:240 - Cannot read IP mode file for STMicroelectronics.X-CUBE-BLEMGR.2.0.0
2023-10-17 14:35:45,361 [WARN] ConditionMgr:438 - getConditionDescription Invalid condition id : UX DEVICE CLASS RTOS Condition cause : null
2023-10-17 14:35:45,362 [WARN] ConditionMgr:438 - getConditionDescription Invalid condition id : UX DEVICE CLASS RTOS Condition cause : null
2023-10-17 14:35:45,372 [WARN] PackLoader:240 - Cannot read IP mode file for STMicroelectronics.X-CUBE-AZRTOS-H7.3.1.0
2023-10-17 14:35:45,373 [WARN] ConditionMgr:1039 - genDependencies : Invalid condition id : UX DEVICE CLASS RTOS Condition cause : null
2023-10-17 14:35:45,373 [WARN] ConditionMgr:1039 - genDependencies : Invalid condition id : UX DEVICE CLASS RTOS Condition cause : null
2023-10-17 14:35:45,374 [WARN] ConditionMgr:1039 - genDependencies : Invalid condition id : UX DEVICE CLASS RTOS Condition cause : null
2023-10-17 14:35:45,375 [WARN] ConditionMgr:1039 - genDependencies : Invalid condition id : UX DEVICE CLASS RTOS Condition cause : null
2023-10-17 14:35:45,375 [WARN] ConditionMgr:1039 - genDependencies : Invalid condition id : UX DEVICE CLASS RTOS Condition cause : null
2023-10-17 14:35:45,383 [WARN] PackLoader:240 - Cannot read IP mode file for STMicroelectronics.X-CUBE-NFC7.1.0.1
2023-10-17 14:35:45,391 [WARN] PackLoader:240 - Cannot read IP mode file for STMicroelectronics.X-CUBE-NFC6.3.0.0
2023-10-17 14:35:45,400 [WARN] PackLoader:240 - Cannot read IP mode file for STMicroelectronics.X-CUBE-EEPRMA1.4.1.0
2023-10-17 14:35:45,405 [WARN] PackLoader:240 - Cannot read IP mode file for STMicroelectronics.X-CUBE-AI.8.1.0
2023-10-17 14:35:45,428 [WARN] ConditionMgr:438 - getConditionDescription Invalid condition id : LAN8742 Phy interface Condition cause : null
2023-10-17 14:35:45,428 [WARN] PackLoader:240 - Cannot read IP mode file for STMicroelectronics.X-CUBE-AZRTOS-L4.2.0.0
2023-10-17 14:35:45,429 [WARN] ConditionMgr:1039 - genDependencies : Invalid condition id : LAN8742 Phy interface Condition cause : null
2023-10-17 14:35:45,430 [WARN] ConditionMgr:1039 - genDependencies : Invalid condition id : LAN8742 Phy interface Condition cause : null
2023-10-17 14:35:45,431 [WARN] ConditionMgr:1039 - genDependencies : Invalid condition id : LAN8742 Phy interface Condition cause : null
2023-10-17 14:35:45,440 [WARN] PackLoader:240 - Cannot read IP mode file for STMicroelectronics.X-CUBE-SFXS2LP1.4.0.0
2023-10-17 14:35:45,445 [WARN] PackLoader:240 - Cannot read IP mode file for STMicroelectronics.X-CUBE-ISPU.1.1.0
2023-10-17 14:35:45,463 [WARN] ConditionMgr:438 - getConditionDescription Invalid condition id : UX DEVICE CLASS RTOS Condition cause : null
2023-10-17 14:35:45,464 [WARN] ConditionMgr:438 - getConditionDescription Invalid condition id : UX DEVICE CLASS RTOS Condition cause : null
2023-10-17 14:35:45,466 [WARN] PackLoader:240 - Cannot read IP mode file for STMicroelectronics.X-CUBE-AZRTOS-WB.2.0.0
2023-10-17 14:35:45,467 [WARN] ConditionMgr:1039 - genDependencies : Invalid condition id : UX DEVICE CLASS RTOS Condition cause : null
2023-10-17 14:35:45,467 [WARN] ConditionMgr:1039 - genDependencies : Invalid condition id : UX DEVICE CLASS RTOS Condition cause : null
2023-10-17 14:35:45,468 [WARN] ConditionMgr:1039 - genDependencies : Invalid condition id : UX DEVICE CLASS RTOS Condition cause : null
2023-10-17 14:35:45,468 [WARN] ConditionMgr:1039 - genDependencies : Invalid condition id : UX DEVICE CLASS RTOS Condition cause : null
2023-10-17 14:35:45,468 [WARN] ConditionMgr:1039 - genDependencies : Invalid condition id : UX DEVICE CLASS RTOS Condition cause : null
2023-10-17 14:35:45,483 [WARN] PackLoader:240 - Cannot read IP mode file for STMicroelectronics.X-CUBE-SUBG2.5.0.0
2023-10-17 14:35:45,504 [WARN] PackLoader:240 - Cannot read IP mode file for STMicroelectronics.X-CUBE-TOF1.3.3.1
2023-10-17 14:35:45,553 [WARN] PackLoader:240 - Cannot read IP mode file for STMicroelectronics.X-CUBE-AZRTOS-G4.2.0.0
2023-10-17 14:35:45,571 [WARN] PackLoader:240 - Cannot read IP mode file for Infineon.AIROC-Wi-Fi-Bluetooth-STM32.1.5.1
2023-10-17 14:35:45,581 [WARN] PackLoader:240 - Cannot read IP mode file for STMicroelectronics.X-CUBE-FREERTOS.1.1.0
2023-10-17 14:35:45,586 [WARN] PackLoader:240 - Cannot read IP mode file for portGmbH.I-Cube-SoM-uGOAL.1.1.0
2023-10-17 14:35:45,591 [WARN] PackLoader:240 - Cannot read IP mode file for STMicroelectronics.X-CUBE-ALS.1.0.1
2023-10-17 14:35:45,594 [WARN] PackLoader:240 - Cannot read IP mode file for STMicroelectronics.FP-ATR-ASTRA1.2.0.0
2023-10-17 14:35:45,595 [INFO] ThirdParty:978 - Integrity check success = true
2023-10-17 14:35:45,595 [INFO] IntegrityCheckThread:100 - exiting critical section [integrity check]
2023-10-17 14:35:45,595 [INFO] IntegrityCheckThread:103 - End integrity checks thread
2023-10-17 14:36:04,521 [ERROR] LogOutputStream:75 - [STDERR_REDIRECT] SLF4J: Failed to load class "org.slf4j.impl.StaticLoggerBinder".
2023-10-17 14:36:04,522 [ERROR] LogOutputStream:75 - [STDERR_REDIRECT] SLF4J: Defaulting to no-operation (NOP) logger implementation
2023-10-17 14:36:04,522 [ERROR] LogOutputStream:75 - [STDERR_REDIRECT] SLF4J: See http://www.slf4j.org/codes.html#StaticLoggerBinder for further details.
