2023-10-02 10:18:22,995 [INFO] Activator:176 - 


2023-10-02 10:18:22,998 [INFO] Activator:177 - !SESSION log4j initialized
2023-10-02 10:18:24,600 [ERROR] LogOutputStream:75 - [STDERR_REDIRECT] 
2023-10-02 10:18:25,926 [INFO] LogOutputStream:77 - [STDOUT_REDIRECT] 
2023-10-02 10:18:28,416 [INFO] LogOutputStream:77 - [STDOUT_REDIRECT] 
2023-10-02 10:18:32,160 [INFO] ApplicationProperties:184 - Using Application install path: /Applications/STM32CubeIDE.app/Contents/Eclipse/plugins/com.st.stm32cube.common.mx_6.9.2.202309101412
2023-10-02 10:18:32,186 [INFO] DbMcusXml:78 - Set database path to: /Applications/STM32CubeIDE.app/Contents/Eclipse/plugins/com.st.stm32cube.common.mx_6.9.2.202309101412//db//mcu/
2023-10-02 10:18:32,187 [INFO] ApiDb:274 - Set plugin database path to: /Applications/STM32CubeIDE.app/Contents/Eclipse/plugins/com.st.stm32cube.common.mx_6.9.2.202309101412//db//plugins/boardmanager/
2023-10-02 10:18:32,187 [WARN] ApiDb:259 - Overriding images path with different value:  => /Applications/STM32CubeIDE.app/Contents/Eclipse/plugins/com.st.stm32cube.common.mx_6.9.2.202309101412//db//plugins/mcufinder/images/
2023-10-02 10:18:32,198 [INFO] ApiDb:250 - Set database path to: /Users/jackkrammer/.stmcufinder/plugins/mcufinder//mcu/
2023-10-02 10:18:32,201 [INFO] DbMcusAds:125 - Set database path to: /Users/jackkrammer/.stmcufinder/plugins/mcufinder//mcu/
2023-10-02 10:18:32,204 [INFO] CrossReferenceDbSqlite:203 - Set database path to: /Users/jackkrammer/.stmcufinder/plugins/mcufinder//mcu/cs/
2023-10-02 10:18:32,371 [INFO] RulesReader:64 - Compatibility file has been processed (293 Rules)
2023-10-02 10:18:32,517 [INFO] DbMcusXml:78 - Set database path to: /Applications/STM32CubeIDE.app/Contents/Eclipse/plugins/com.st.stm32cube.common.mx_6.9.2.202309101412//db//mcu/
2023-10-02 10:18:32,517 [INFO] ApiDb:274 - Set plugin database path to: /Applications/STM32CubeIDE.app/Contents/Eclipse/plugins/com.st.stm32cube.common.mx_6.9.2.202309101412//db//plugins/boardmanager/
2023-10-02 10:18:32,518 [INFO] ApiDb:261 - Set plugin images path to: /Applications/STM32CubeIDE.app/Contents/Eclipse/plugins/com.st.stm32cube.common.mx_6.9.2.202309101412//db//plugins/mcufinder/images/
2023-10-02 10:18:32,518 [WARN] DbFile:41 - Overriding database path with different value: /Users/jackkrammer/.stmcufinder/plugins/mcufinder/ => /Users/jackkrammer/.stmcufinder/plugins/mcufinder
2023-10-02 10:18:32,518 [INFO] ApiDb:250 - Set database path to: /Users/jackkrammer/.stmcufinder/plugins/mcufinder//mcu/
2023-10-02 10:18:32,519 [WARN] DbFile:41 - Overriding database path with different value: /Users/jackkrammer/.stmcufinder/plugins/mcufinder/ => /Users/jackkrammer/.stmcufinder/plugins/mcufinder
2023-10-02 10:18:32,519 [INFO] DbMcusAds:125 - Set database path to: /Users/jackkrammer/.stmcufinder/plugins/mcufinder//mcu/
2023-10-02 10:18:32,519 [WARN] DbFile:41 - Overriding database path with different value: /Users/jackkrammer/.stmcufinder/plugins/mcufinder/ => /Users/jackkrammer/.stmcufinder/plugins/mcufinder
2023-10-02 10:18:32,519 [WARN] DbFile:41 - Overriding database path with different value: /Users/jackkrammer/.stmcufinder/plugins/mcufinder/ => /Users/jackkrammer/.stmcufinder/plugins/mcufinder
2023-10-02 10:18:32,519 [INFO] CrossReferenceDbSqlite:203 - Set database path to: /Users/jackkrammer/.stmcufinder/plugins/mcufinder//mcu/cs/
2023-10-02 10:18:32,658 [INFO] MainPanel:262 - HeapMemory: 268435456
2023-10-02 10:18:32,791 [INFO] DbMcusXml:78 - Set database path to: /Applications/STM32CubeIDE.app/Contents/Eclipse/plugins/com.st.stm32cube.common.mx_6.9.2.202309101412//db//mcu/
2023-10-02 10:18:32,791 [INFO] ApiDb:274 - Set plugin database path to: /Applications/STM32CubeIDE.app/Contents/Eclipse/plugins/com.st.stm32cube.common.mx_6.9.2.202309101412//db//plugins/boardmanager/
2023-10-02 10:18:32,792 [INFO] ApiDb:261 - Set plugin images path to: /Applications/STM32CubeIDE.app/Contents/Eclipse/plugins/com.st.stm32cube.common.mx_6.9.2.202309101412//db//plugins/mcufinder/images/
2023-10-02 10:18:32,792 [WARN] DbFile:41 - Overriding database path with different value: /Users/jackkrammer/.stmcufinder/plugins/mcufinder/ => /Users/jackkrammer/.stmcufinder/plugins/mcufinder
2023-10-02 10:18:32,792 [INFO] ApiDb:250 - Set database path to: /Users/jackkrammer/.stmcufinder/plugins/mcufinder//mcu/
2023-10-02 10:18:32,793 [WARN] DbFile:41 - Overriding database path with different value: /Users/jackkrammer/.stmcufinder/plugins/mcufinder/ => /Users/jackkrammer/.stmcufinder/plugins/mcufinder
2023-10-02 10:18:32,793 [INFO] DbMcusAds:125 - Set database path to: /Users/jackkrammer/.stmcufinder/plugins/mcufinder//mcu/
2023-10-02 10:18:32,793 [WARN] DbFile:41 - Overriding database path with different value: /Users/jackkrammer/.stmcufinder/plugins/mcufinder/ => /Users/jackkrammer/.stmcufinder/plugins/mcufinder
2023-10-02 10:18:32,793 [WARN] DbFile:41 - Overriding database path with different value: /Users/jackkrammer/.stmcufinder/plugins/mcufinder/ => /Users/jackkrammer/.stmcufinder/plugins/mcufinder
2023-10-02 10:18:32,793 [INFO] CrossReferenceDbSqlite:203 - Set database path to: /Users/jackkrammer/.stmcufinder/plugins/mcufinder//mcu/cs/
2023-10-02 10:18:32,818 [INFO] ApplicationProperties:184 - Using Application install path: /Applications/STM32CubeIDE.app/Contents/Eclipse/plugins/com.st.stm32cube.common.mx_6.9.2.202309101412
2023-10-02 10:18:32,822 [INFO] PluginManage:196 - Search for loadable plugins [exclusion list=, ]
2023-10-02 10:18:32,828 [INFO] PluginManage:310 - Check plugin analytics
2023-10-02 10:18:33,125 [INFO] AnalyticsPlugin:253 - Accepted Software Licenses: 
2023-10-02 10:18:33,125 [INFO] AnalyticsPlugin:255 - Accepted CMSIS Pack Licenses: 
2023-10-02 10:18:33,126 [INFO] AnalyticsPlugin:257 - Accepted Firmware Licenses: FW.L4.1.18.0
2023-10-02 10:18:33,128 [INFO] PluginManage:359 - Loaded plugin analytics (category:tool,tabindex:-1)
2023-10-02 10:18:33,129 [INFO] PluginManage:310 - Check plugin cadmodel
2023-10-02 10:18:34,068 [INFO] CADModel:105 - Init CAD model plugin
2023-10-02 10:18:34,068 [INFO] PluginManage:359 - Loaded plugin cadmodel (category:power,tabindex:5)
2023-10-02 10:18:34,068 [INFO] PluginManage:310 - Check plugin clock
2023-10-02 10:18:34,079 [INFO] PluginManage:359 - Loaded plugin clock (category:base,tabindex:2)
2023-10-02 10:18:34,079 [INFO] PluginManage:310 - Check plugin ddr
2023-10-02 10:18:34,082 [INFO] PluginManage:359 - Loaded plugin ddr (category:tool,tabindex:6)
2023-10-02 10:18:34,082 [INFO] PluginManage:310 - Check plugin filemanager
2023-10-02 10:18:34,277 [INFO] PluginManage:359 - Loaded plugin filemanager (category:base,tabindex:10)
2023-10-02 10:18:34,278 [INFO] PluginManage:310 - Check plugin ipmanager
2023-10-02 10:18:34,289 [INFO] PluginManage:359 - Loaded plugin ipmanager (category:base,tabindex:5)
2023-10-02 10:18:34,289 [INFO] PluginManage:310 - Check plugin lpbam
2023-10-02 10:18:34,303 [INFO] PluginManage:359 - Loaded plugin lpbam (category:base,tabindex:0)
2023-10-02 10:18:34,304 [INFO] PluginManage:310 - Check plugin memorymap
2023-10-02 10:18:34,332 [INFO] PluginManage:359 - Loaded plugin memorymap (category:base,tabindex:4)
2023-10-02 10:18:34,332 [INFO] PluginManage:310 - Check plugin pinoutandconfiguration
2023-10-02 10:18:34,344 [INFO] PluginManage:359 - Loaded plugin pinoutandconfiguration (category:base,tabindex:1)
2023-10-02 10:18:34,344 [INFO] PluginManage:310 - Check plugin pinoutconfig
2023-10-02 10:18:34,488 [WARN] SupportedApi:132 - Cannot load RTOS API schema: s4s-elt-must-match.1: The content of 'definitions' must match (annotation?, (simpleType | complexType)?, (unique | key | keyref)*)). A problem was found starting at: attribute.
2023-10-02 10:18:34,688 [INFO] PluginManage:359 - Loaded plugin pinoutconfig (category:base,tabindex:0)
2023-10-02 10:18:34,688 [INFO] PluginManage:310 - Check plugin power
2023-10-02 10:18:34,703 [INFO] PluginManage:359 - Loaded plugin power (category:power,tabindex:4)
2023-10-02 10:18:34,703 [INFO] PluginManage:310 - Check plugin projectmanager
2023-10-02 10:18:34,722 [INFO] PluginManage:359 - Loaded plugin projectmanager (category:projectmanager,tabindex:3)
2023-10-02 10:18:34,722 [INFO] PluginManage:310 - Check plugin thirdparty
2023-10-02 10:18:34,906 [WARN] IntegrityCheckThread:84 - waiting for thirdparty lock release [integrity check]
2023-10-02 10:18:34,906 [INFO] IntegrityCheckThread:86 - entering critical section [integrity check]
2023-10-02 10:18:34,907 [INFO] ThirdPartyUpdaterWithRetryManager:70 - Updater plugin not ready yet. [1/15]
2023-10-02 10:18:34,906 [INFO] PluginManage:359 - Loaded plugin thirdparty (category:base,tabindex:-1)
2023-10-02 10:18:34,907 [INFO] PluginManage:310 - Check plugin tools
2023-10-02 10:18:34,910 [INFO] PluginManage:359 - Loaded plugin tools (category:base,tabindex:7)
2023-10-02 10:18:34,910 [INFO] PluginManage:310 - Check plugin tutovideos
2023-10-02 10:18:35,184 [INFO] PluginManage:359 - Loaded plugin tutovideos (category:base,tabindex:-1)
2023-10-02 10:18:35,184 [INFO] PluginManage:310 - Check plugin updater
2023-10-02 10:18:35,200 [INFO] PluginManage:359 - Loaded plugin updater (category:base,tabindex:12)
2023-10-02 10:18:35,200 [INFO] PluginManage:310 - Check plugin userauth
2023-10-02 10:18:35,207 [INFO] UserAuth:113 - Init User Auth plugin
2023-10-02 10:18:35,207 [INFO] PluginManage:359 - Loaded plugin userauth (category:base,tabindex:14)
2023-10-02 10:18:35,207 [INFO] PluginManage:283 - PluginManage : Loaded plugins [17]
2023-10-02 10:18:35,485 [INFO] PinOutPanel:1499 - setPackage(No Configuration,No Configuration)
2023-10-02 10:18:35,648 [INFO] CADModel:165 - CPN selected for project level
2023-10-02 10:18:35,648 [INFO] CADModel:114 - Register for checkConnection events
2023-10-02 10:18:35,672 [INFO] IPUIPlugin:80 - create IPUIPlugin
2023-10-02 10:18:35,672 [INFO] PluginManager:220 - loadIPPluginJar : add mdma
2023-10-02 10:18:35,686 [INFO] IPUIPlugin:80 - create IPUIPlugin
2023-10-02 10:18:35,686 [INFO] PluginManager:220 - loadIPPluginJar : add freertos
2023-10-02 10:18:35,691 [INFO] IPUIPlugin:80 - create IPUIPlugin
2023-10-02 10:18:35,691 [INFO] PluginManager:220 - loadIPPluginJar : add gic
2023-10-02 10:18:35,707 [INFO] IPUIPlugin:80 - create IPUIPlugin
2023-10-02 10:18:35,707 [INFO] PluginManager:220 - loadIPPluginJar : add adc
2023-10-02 10:18:35,712 [INFO] IPUIPlugin:80 - create IPUIPlugin
2023-10-02 10:18:35,712 [INFO] PluginManager:220 - loadIPPluginJar : add gtzc
2023-10-02 10:18:35,713 [INFO] IPUIPlugin:80 - create IPUIPlugin
2023-10-02 10:18:35,713 [INFO] PluginManager:220 - loadIPPluginJar : add quadspi
2023-10-02 10:18:35,716 [INFO] IPUIPlugin:80 - create IPUIPlugin
2023-10-02 10:18:35,716 [INFO] PluginManager:220 - loadIPPluginJar : add aes
2023-10-02 10:18:35,719 [INFO] IPUIPlugin:80 - create IPUIPlugin
2023-10-02 10:18:35,720 [INFO] PluginManager:220 - loadIPPluginJar : add pdm2pcm
2023-10-02 10:18:35,722 [INFO] IPUIPlugin:80 - create IPUIPlugin
2023-10-02 10:18:35,722 [INFO] PluginManager:220 - loadIPPluginJar : add hash
2023-10-02 10:18:35,724 [INFO] IPUIPlugin:80 - create IPUIPlugin
2023-10-02 10:18:35,724 [INFO] PluginManager:220 - loadIPPluginJar : add tim
2023-10-02 10:18:35,726 [INFO] IPUIPlugin:80 - create IPUIPlugin
2023-10-02 10:18:35,726 [INFO] PluginManager:220 - loadIPPluginJar : add tsc
2023-10-02 10:18:35,728 [INFO] IPUIPlugin:80 - create IPUIPlugin
2023-10-02 10:18:35,728 [INFO] PluginManager:220 - loadIPPluginJar : add ts
2023-10-02 10:18:35,731 [INFO] IPUIPlugin:80 - create IPUIPlugin
2023-10-02 10:18:35,731 [INFO] PluginManager:220 - loadIPPluginJar : add can
2023-10-02 10:18:35,734 [INFO] IPUIPlugin:80 - create IPUIPlugin
2023-10-02 10:18:35,735 [INFO] PluginManager:220 - loadIPPluginJar : add dma3
2023-10-02 10:18:35,737 [INFO] IPUIPlugin:80 - create IPUIPlugin
2023-10-02 10:18:35,737 [INFO] PluginManager:220 - loadIPPluginJar : add dfsdm
2023-10-02 10:18:35,740 [INFO] IPUIPlugin:80 - create IPUIPlugin
2023-10-02 10:18:35,740 [INFO] PluginManager:220 - loadIPPluginJar : add spi
2023-10-02 10:18:35,743 [INFO] IPUIPlugin:80 - create IPUIPlugin
2023-10-02 10:18:35,744 [INFO] PluginManager:220 - loadIPPluginJar : add gfxmmu
2023-10-02 10:18:35,745 [INFO] IPUIPlugin:80 - create IPUIPlugin
2023-10-02 10:18:35,745 [INFO] PluginManager:220 - loadIPPluginJar : add genericplugin
2023-10-02 10:18:35,748 [INFO] IPUIPlugin:80 - create IPUIPlugin
2023-10-02 10:18:35,748 [INFO] PluginManager:220 - loadIPPluginJar : add cryp
2023-10-02 10:18:35,753 [INFO] IPUIPlugin:80 - create IPUIPlugin
2023-10-02 10:18:35,753 [INFO] PluginManager:220 - loadIPPluginJar : add gpio
2023-10-02 10:18:35,755 [INFO] IPUIPlugin:80 - create IPUIPlugin
2023-10-02 10:18:35,755 [INFO] PluginManager:220 - loadIPPluginJar : add comp
2023-10-02 10:18:35,759 [INFO] IPUIPlugin:80 - create IPUIPlugin
2023-10-02 10:18:35,759 [INFO] PluginManager:220 - loadIPPluginJar : add tracer_emb
2023-10-02 10:18:35,763 [INFO] IPUIPlugin:80 - create IPUIPlugin
2023-10-02 10:18:35,763 [INFO] PluginManager:220 - loadIPPluginJar : add openamp
2023-10-02 10:18:35,768 [INFO] IPUIPlugin:80 - create IPUIPlugin
2023-10-02 10:18:35,768 [INFO] PluginManager:220 - loadIPPluginJar : add stm32_wpan
2023-10-02 10:18:35,776 [INFO] IPUIPlugin:80 - create IPUIPlugin
2023-10-02 10:18:35,780 [INFO] PluginManager:220 - loadIPPluginJar : add plateformsettings
2023-10-02 10:18:35,785 [INFO] IPUIPlugin:80 - create IPUIPlugin
2023-10-02 10:18:35,785 [INFO] PluginManager:220 - loadIPPluginJar : add ipddr
2023-10-02 10:18:35,788 [INFO] IPUIPlugin:80 - create IPUIPlugin
2023-10-02 10:18:35,788 [INFO] PluginManager:220 - loadIPPluginJar : add usart
2023-10-02 10:18:35,789 [INFO] IPUIPlugin:80 - create IPUIPlugin
2023-10-02 10:18:35,789 [INFO] PluginManager:220 - loadIPPluginJar : add ltdc
2023-10-02 10:18:35,794 [INFO] IPUIPlugin:80 - create IPUIPlugin
2023-10-02 10:18:35,795 [INFO] PluginManager:220 - loadIPPluginJar : add nvic
2023-10-02 10:18:35,796 [INFO] IPUIPlugin:80 - create IPUIPlugin
2023-10-02 10:18:35,796 [INFO] PluginManager:220 - loadIPPluginJar : add fatfs
2023-10-02 10:18:35,806 [INFO] IPUIPlugin:80 - create IPUIPlugin
2023-10-02 10:18:35,806 [INFO] PluginManager:220 - loadIPPluginJar : add linkedlist
2023-10-02 10:18:35,816 [INFO] IPUIPlugin:80 - create IPUIPlugin
2023-10-02 10:18:35,816 [INFO] PluginManager:220 - loadIPPluginJar : add dma
2023-10-02 10:18:35,820 [INFO] IPUIPlugin:80 - create IPUIPlugin
2023-10-02 10:18:35,821 [INFO] PluginManager:220 - loadIPPluginJar : add fmc
2023-10-02 10:18:35,823 [INFO] IPUIPlugin:80 - create IPUIPlugin
2023-10-02 10:18:35,823 [INFO] PluginManager:220 - loadIPPluginJar : add i2s
2023-10-02 10:18:35,825 [INFO] IPUIPlugin:80 - create IPUIPlugin
2023-10-02 10:18:35,825 [INFO] PluginManager:220 - loadIPPluginJar : add ucpd
2023-10-02 10:18:35,827 [INFO] IPUIPlugin:80 - create IPUIPlugin
2023-10-02 10:18:35,827 [INFO] PluginManager:220 - loadIPPluginJar : add lorawan
2023-10-02 10:18:35,829 [INFO] IPUIPlugin:80 - create IPUIPlugin
2023-10-02 10:18:35,829 [INFO] PluginManager:220 - loadIPPluginJar : add opamp
2023-10-02 10:18:35,833 [INFO] IPUIPlugin:80 - create IPUIPlugin
2023-10-02 10:18:35,833 [INFO] PluginManager:220 - loadIPPluginJar : add i3c
2023-10-02 10:18:35,836 [INFO] IPUIPlugin:80 - create IPUIPlugin
2023-10-02 10:18:35,836 [INFO] PluginManager:220 - loadIPPluginJar : add touchsensing
2023-10-02 10:18:35,839 [INFO] IPUIPlugin:80 - create IPUIPlugin
2023-10-02 10:18:35,839 [INFO] PluginManager:220 - loadIPPluginJar : add i2c
2023-10-02 10:18:35,844 [INFO] IPUIPlugin:80 - create IPUIPlugin
2023-10-02 10:18:35,844 [INFO] PluginManager:220 - loadIPPluginJar : add resmgrutility
2023-10-02 10:18:35,848 [INFO] IPUIPlugin:80 - create IPUIPlugin
2023-10-02 10:18:35,848 [INFO] PluginManager:220 - loadIPPluginJar : add sai
2023-10-02 10:18:35,852 [INFO] IPUIPlugin:80 - create IPUIPlugin
2023-10-02 10:18:35,852 [INFO] PluginManager:220 - loadIPPluginJar : add usbx
2023-10-02 10:18:35,977 [INFO] CADModel:165 - CPN selected for project level
2023-10-02 10:18:35,977 [INFO] CADModel:114 - Register for checkConnection events
2023-10-02 10:18:35,977 [FATAL] Updater:308 - Updater called before beeing initialized
2023-10-02 10:18:35,978 [ERROR] CADModel:125 - Updater not yet initialized, retry later 
2023-10-02 10:18:36,228 [INFO] CADModel:165 - CPN selected for project level
2023-10-02 10:18:36,229 [INFO] CADModel:114 - Register for checkConnection events
2023-10-02 10:18:36,229 [FATAL] Updater:308 - Updater called before beeing initialized
2023-10-02 10:18:36,229 [ERROR] CADModel:125 - Updater not yet initialized, retry later 
2023-10-02 10:18:36,233 [FATAL] Updater:308 - Updater called before beeing initialized
2023-10-02 10:18:36,340 [FATAL] Updater:308 - Updater called before beeing initialized
2023-10-02 10:18:36,347 [INFO] DbMcusAds:53 - JSON generation date=Tue Mar 07 00:50:55 PST 2023 (1678179055114)
2023-10-02 10:18:36,347 [FATAL] Updater:308 - Updater called before beeing initialized
2023-10-02 10:18:36,541 [WARN] DetailPanel:346 - Failed to get advertising image, set to default
2023-10-02 10:18:36,655 [FATAL] Updater:308 - Updater called before beeing initialized
2023-10-02 10:18:36,658 [FATAL] Updater:308 - Updater called before beeing initialized
2023-10-02 10:18:36,659 [FATAL] Updater:308 - Updater called before beeing initialized
2023-10-02 10:18:36,659 [WARN] DetailPanel:346 - Failed to get advertising image, set to default
2023-10-02 10:18:36,660 [FATAL] Updater:308 - Updater called before beeing initialized
2023-10-02 10:18:36,695 [ERROR] Updater:1120 - MainUpdater not yet initialized. External WinMGr cannot be set.
2023-10-02 10:18:36,727 [INFO] Updater:1056 - Updater Version found : 6.9.2
2023-10-02 10:18:36,753 [INFO] ApplicationProperties:184 - Using Application install path: /Applications/STM32CubeIDE.app/Contents/Eclipse/plugins/com.st.stm32cube.common.mx_6.9.2.202309101412
2023-10-02 10:18:37,319 [INFO] MainUpdater:2868 - connection check result : 10
2023-10-02 10:18:37,319 [INFO] MainUpdater:3562 - Updater definition file requires update
2023-10-02 10:18:37,327 [INFO] MainUpdater:285 - Updater Check For Update Now.
2023-10-02 10:18:37,327 [INFO] MicroXplorer:498 - Change Database Version : DB.6.0.92
2023-10-02 10:18:37,335 [INFO] McuFinderGlobals:63 - Set McuFinder mode to 2 (CubeIDE integrated)
2023-10-02 10:18:37,338 [INFO] ServerAccessManage:473 - Download File updaters.zip
2023-10-02 10:18:37,428 [INFO] FileExtend:240 - Unzip File : updaters.zip
2023-10-02 10:18:37,428 [INFO] FileExtend:255 - Standard Zip Deflate
2023-10-02 10:18:37,824 [INFO] ServerAccessManage:473 - Download File PacksControlFlags.xml
2023-10-02 10:18:37,902 [INFO] ServerAccessManage:473 - Download File cubemx.pidx
2023-10-02 10:18:37,907 [WARN] MainUpdater:1189 - Updater busy. Cannot search thirdparties
2023-10-02 10:18:37,907 [INFO] ThirdPartyUpdaterWithRetryManager:96 - Updater plugin is busy. [1/15]
2023-10-02 10:18:38,806 [INFO] ServerAccessManage:473 - Download File STMicroelectronics.X-CUBE-TOUCHGFX.pdsc
2023-10-02 10:18:40,422 [ERROR] ServerAccessManage:1096 - Problem, Http access forbiden
2023-10-02 10:18:40,423 [ERROR] ServerAccessManage:651 - Problem, Http access forbiden : RoweBots.I-CUBE-UNISONRTOS.pdsc.
2023-10-02 10:18:40,725 [INFO] ServerAccessManage:473 - Download File ITTIA_DB.I-CUBE-ITTIADB.pdsc
2023-10-02 10:18:40,908 [WARN] MainUpdater:1189 - Updater busy. Cannot search thirdparties
2023-10-02 10:18:40,908 [INFO] ThirdPartyUpdaterWithRetryManager:96 - Updater plugin is busy. [2/15]
2023-10-02 10:18:41,270 [WARN] PackLoader:240 - Cannot read IP mode file for STMicroelectronics.X-CUBE-TOUCHGFX.4.22.1
2023-10-02 10:18:41,284 [WARN] PackLoader:240 - Cannot read IP mode file for ITTIA_DB.I-CUBE-ITTIADB.8.8.0
2023-10-02 10:18:41,285 [INFO] PopulateThirdPartyThread:66 - Ending populate Thread
2023-10-02 10:18:41,287 [INFO] ThirdParty:1030 - CMSIS Pack Vendor :STMicroelectronics X-CUBE-TOUCHGFX 4.22.1
2023-10-02 10:18:41,287 [INFO] ThirdParty:1030 - CMSIS Pack Vendor :ITTIA_DB I-CUBE-ITTIADB 8.8.0
2023-10-02 10:18:41,287 [INFO] LoadServerUpdatesThread:373 - End of LoadServerUpdate Thread
2023-10-02 10:18:41,393 [INFO] CheckServerUpdateThread:120 - End of CheckServer Thread
2023-10-02 10:18:44,077 [WARN] PackLoader:240 - Cannot read IP mode file for STMicroelectronics.X-CUBE-SMBUS.2.1.0
2023-10-02 10:18:44,122 [WARN] PackLoader:240 - Cannot read IP mode file for STMicroelectronics.X-CUBE-AZRTOS-F7.1.1.0
2023-10-02 10:18:44,138 [WARN] PackLoader:240 - Cannot read IP mode file for STMicroelectronics.FP-SNS-MOTENV1.4.3.2
2023-10-02 10:18:44,149 [WARN] PackLoader:240 - Cannot read IP mode file for STMicroelectronics.FP-SNS-FLIGHT1.5.0.2
2023-10-02 10:18:44,159 [WARN] PackLoader:240 - Cannot read IP mode file for STMicroelectronics.X-CUBE-DISPLAY.3.0.0
2023-10-02 10:18:44,175 [WARN] PackLoader:240 - Cannot read IP mode file for STMicroelectronics.X-CUBE-BLE1.7.0.0
2023-10-02 10:18:44,182 [WARN] PackLoader:240 - Cannot read IP mode file for emotas.I-CUBE-CANOPEN.1.3.0
2023-10-02 10:18:44,188 [WARN] PackLoader:240 - Cannot read IP mode file for STMicroelectronics.X-CUBE-TOUCHGFX.4.22.0
2023-10-02 10:18:44,191 [WARN] PackLoader:240 - Cannot read IP mode file for STMicroelectronics.X-CUBE-TOUCHGFX.4.22.1
2023-10-02 10:18:44,197 [WARN] PackLoader:240 - Cannot read IP mode file for STMicroelectronics.FP-SNS-SMARTAG2.1.2.0
2023-10-02 10:18:44,212 [INFO] LogOutputStream:77 - [STDOUT_REDIRECT] 1 : Invalid condition id : UX_CORESTACK_Condition cause : null
2023-10-02 10:18:44,212 [INFO] LogOutputStream:77 - [STDOUT_REDIRECT] 1 : Invalid condition id : UX_CORESTACK_Condition cause : null
2023-10-02 10:18:44,212 [INFO] LogOutputStream:77 - [STDOUT_REDIRECT] 1 : Invalid condition id : UX_CORESTACK_Condition cause : null
2023-10-02 10:18:44,213 [INFO] LogOutputStream:77 - [STDOUT_REDIRECT] 1 : Invalid condition id : UX_CORESTACK_Condition cause : null
2023-10-02 10:18:44,213 [INFO] LogOutputStream:77 - [STDOUT_REDIRECT] 1 : Invalid condition id : UX_CORESTACK_Condition cause : null
2023-10-02 10:18:44,223 [WARN] PackLoader:240 - Cannot read IP mode file for STMicroelectronics.X-CUBE-AZRTOS-WL.2.0.0
2023-10-02 10:18:44,238 [WARN] PackLoader:240 - Cannot read IP mode file for WES.I-CUBE-Cesium.1.3.0
2023-10-02 10:18:44,243 [WARN] PackLoader:240 - Cannot read IP mode file for STMicroelectronics.X-CUBE-BLE2.3.3.0
2023-10-02 10:18:44,255 [WARN] PackLoader:240 - Cannot read IP mode file for STMicroelectronics.X-CUBE-ALGOBUILD.1.3.0
2023-10-02 10:18:44,286 [WARN] PackLoader:240 - Cannot read IP mode file for STMicroelectronics.X-CUBE-AZRTOS-G0.1.1.0
2023-10-02 10:18:44,300 [WARN] PackLoader:240 - Cannot read IP mode file for STMicroelectronics.X-CUBE-NFC4.3.0.0
2023-10-02 10:18:44,306 [WARN] PackLoader:240 - Cannot read IP mode file for STMicroelectronics.FP-ATR-SIGFOX1.3.2.0
2023-10-02 10:18:44,403 [WARN] PackLoader:240 - Cannot read IP mode file for SEGGER.I-CUBE-embOS.1.3.1
2023-10-02 10:18:44,483 [WARN] PackLoader:240 - Cannot read IP mode file for STMicroelectronics.X-CUBE-GNSS1.6.0.0
2023-10-02 10:18:44,509 [WARN] PackLoader:240 - Cannot read IP mode file for STMicroelectronics.X-CUBE-AZRTOS-F4.1.1.0
2023-10-02 10:18:44,519 [WARN] PackLoader:240 - Cannot read IP mode file for wolfSSL.I-CUBE-wolfSSL.5.6.3
2023-10-02 10:18:44,548 [WARN] PackLoader:240 - Cannot read IP mode file for STMicroelectronics.X-CUBE-AZRTOS-L5.2.0.0
2023-10-02 10:18:44,615 [WARN] PackLoader:240 - Cannot read IP mode file for STMicroelectronics.X-CUBE-MEMS1.9.6.0
2023-10-02 10:18:44,946 [WARN] PackLoader:240 - Cannot read IP mode file for ITTIA_DB.I-CUBE-ITTIADB.8.8.0
2023-10-02 10:18:44,956 [WARN] PackLoader:240 - Cannot read IP mode file for STMicroelectronics.X-CUBE-BLEMGR.2.0.0
2023-10-02 10:18:44,991 [WARN] ConditionMgr:438 - getConditionDescription Invalid condition id : UX DEVICE CLASS RTOS Condition cause : null
2023-10-02 10:18:44,991 [WARN] ConditionMgr:438 - getConditionDescription Invalid condition id : UX DEVICE CLASS RTOS Condition cause : null
2023-10-02 10:18:44,995 [WARN] PackLoader:240 - Cannot read IP mode file for STMicroelectronics.X-CUBE-AZRTOS-H7.3.1.0
2023-10-02 10:18:44,997 [WARN] ConditionMgr:1039 - genDependencies : Invalid condition id : UX DEVICE CLASS RTOS Condition cause : null
2023-10-02 10:18:45,003 [WARN] ConditionMgr:1039 - genDependencies : Invalid condition id : UX DEVICE CLASS RTOS Condition cause : null
2023-10-02 10:18:45,004 [WARN] ConditionMgr:1039 - genDependencies : Invalid condition id : UX DEVICE CLASS RTOS Condition cause : null
2023-10-02 10:18:45,007 [WARN] ConditionMgr:1039 - genDependencies : Invalid condition id : UX DEVICE CLASS RTOS Condition cause : null
2023-10-02 10:18:45,007 [WARN] ConditionMgr:1039 - genDependencies : Invalid condition id : UX DEVICE CLASS RTOS Condition cause : null
2023-10-02 10:18:45,020 [WARN] PackLoader:240 - Cannot read IP mode file for STMicroelectronics.X-CUBE-NFC7.1.0.1
2023-10-02 10:18:45,029 [WARN] PackLoader:240 - Cannot read IP mode file for STMicroelectronics.X-CUBE-NFC6.3.0.0
2023-10-02 10:18:45,037 [WARN] PackLoader:240 - Cannot read IP mode file for STMicroelectronics.X-CUBE-EEPRMA1.4.1.0
2023-10-02 10:18:45,044 [WARN] PackLoader:240 - Cannot read IP mode file for STMicroelectronics.X-CUBE-AI.8.1.0
2023-10-02 10:18:45,082 [WARN] ConditionMgr:438 - getConditionDescription Invalid condition id : LAN8742 Phy interface Condition cause : null
2023-10-02 10:18:45,083 [WARN] PackLoader:240 - Cannot read IP mode file for STMicroelectronics.X-CUBE-AZRTOS-L4.2.0.0
2023-10-02 10:18:45,086 [WARN] ConditionMgr:1039 - genDependencies : Invalid condition id : LAN8742 Phy interface Condition cause : null
2023-10-02 10:18:45,087 [WARN] ConditionMgr:1039 - genDependencies : Invalid condition id : LAN8742 Phy interface Condition cause : null
2023-10-02 10:18:45,091 [WARN] ConditionMgr:1039 - genDependencies : Invalid condition id : LAN8742 Phy interface Condition cause : null
2023-10-02 10:18:45,140 [WARN] PackLoader:240 - Cannot read IP mode file for STMicroelectronics.X-CUBE-SFXS2LP1.4.0.0
2023-10-02 10:18:45,159 [WARN] PackLoader:240 - Cannot read IP mode file for STMicroelectronics.X-CUBE-ISPU.1.1.0
2023-10-02 10:18:45,179 [WARN] ConditionMgr:438 - getConditionDescription Invalid condition id : UX DEVICE CLASS RTOS Condition cause : null
2023-10-02 10:18:45,179 [WARN] ConditionMgr:438 - getConditionDescription Invalid condition id : UX DEVICE CLASS RTOS Condition cause : null
2023-10-02 10:18:45,184 [WARN] PackLoader:240 - Cannot read IP mode file for STMicroelectronics.X-CUBE-AZRTOS-WB.2.0.0
2023-10-02 10:18:45,198 [WARN] ConditionMgr:1039 - genDependencies : Invalid condition id : UX DEVICE CLASS RTOS Condition cause : null
2023-10-02 10:18:45,199 [WARN] ConditionMgr:1039 - genDependencies : Invalid condition id : UX DEVICE CLASS RTOS Condition cause : null
2023-10-02 10:18:45,200 [WARN] ConditionMgr:1039 - genDependencies : Invalid condition id : UX DEVICE CLASS RTOS Condition cause : null
2023-10-02 10:18:45,201 [WARN] ConditionMgr:1039 - genDependencies : Invalid condition id : UX DEVICE CLASS RTOS Condition cause : null
2023-10-02 10:18:45,201 [WARN] ConditionMgr:1039 - genDependencies : Invalid condition id : UX DEVICE CLASS RTOS Condition cause : null
2023-10-02 10:18:45,213 [WARN] PackLoader:240 - Cannot read IP mode file for STMicroelectronics.X-CUBE-SUBG2.5.0.0
2023-10-02 10:18:45,232 [WARN] PackLoader:240 - Cannot read IP mode file for STMicroelectronics.X-CUBE-TOF1.3.3.1
2023-10-02 10:18:45,254 [WARN] PackLoader:240 - Cannot read IP mode file for STMicroelectronics.X-CUBE-AZRTOS-G4.2.0.0
2023-10-02 10:18:45,264 [WARN] PackLoader:240 - Cannot read IP mode file for STMicroelectronics.X-CUBE-FREERTOS.1.1.0
2023-10-02 10:18:45,269 [WARN] PackLoader:240 - Cannot read IP mode file for portGmbH.I-Cube-SoM-uGOAL.1.1.0
2023-10-02 10:18:45,272 [WARN] PackLoader:240 - Cannot read IP mode file for STMicroelectronics.X-CUBE-ALS.1.0.1
2023-10-02 10:18:45,275 [WARN] PackLoader:240 - Cannot read IP mode file for STMicroelectronics.FP-ATR-ASTRA1.2.0.0
2023-10-02 10:18:45,276 [INFO] ThirdParty:978 - Integrity check success = true
2023-10-02 10:18:45,276 [INFO] IntegrityCheckThread:100 - exiting critical section [integrity check]
2023-10-02 10:18:45,277 [INFO] IntegrityCheckThread:103 - End integrity checks thread
2023-10-02 10:18:58,362 [ERROR] LogOutputStream:75 - [STDERR_REDIRECT] SLF4J: Failed to load class "org.slf4j.impl.StaticLoggerBinder".
2023-10-02 10:18:58,362 [ERROR] LogOutputStream:75 - [STDERR_REDIRECT] SLF4J: Defaulting to no-operation (NOP) logger implementation
2023-10-02 10:18:58,363 [ERROR] LogOutputStream:75 - [STDERR_REDIRECT] SLF4J: See http://www.slf4j.org/codes.html#StaticLoggerBinder for further details.
